<?xml version="1.0" encoding="utf-8"?><testsuites name="pytest tests"><testsuite name="pytest" errors="0" failures="0" skipped="0" tests="31" time="18.222" timestamp="2026-03-14T00:21:32.568522+02:00" hostname="DESKTOP-18NJLGS"><testcase classname="tests.functional.test_auth" name="test_register" time="0.635" /><testcase classname="tests.functional.test_auth" name="test_login" time="0.560" /><testcase classname="tests.functional.test_auth" name="test_get_me" time="0.281" /><testcase classname="tests.functional.test_auth" name="test_update_details" time="0.819" /><testcase classname="tests.functional.test_auth" name="test_forgot_password_happy_path" time="0.272" /><testcase classname="tests.functional.test_auth" name="test_forgot_password_invalid_email" time="0.137" /><testcase classname="tests.functional.test_auth" name="test_reset_password_happy_path" time="0.344" /><testcase classname="tests.functional.test_auth" name="test_login_with_new_password" time="0.424" /><testcase classname="tests.functional.test_cart" name="test_cart_setup" time="1.556" /><testcase classname="tests.functional.test_cart" name="test_get_empty_cart" time="0.271" /><testcase classname="tests.functional.test_cart" name="test_add_item_validation_fails" time="0.277" /><testcase classname="tests.functional.test_cart" name="test_add_item_product_not_found" time="0.271" /><testcase classname="tests.functional.test_cart" name="test_add_item_happy_path" time="0.676" /><testcase classname="tests.functional.test_cart" name="test_add_item_insufficient_stock" time="0.271" /><testcase classname="tests.functional.test_cart" name="test_add_item_zero_stock_product" time="0.811" /><testcase classname="tests.functional.test_cart" name="test_add_item_again_updates_quantity" time="0.814" /><testcase classname="tests.functional.test_cart" name="test_update_item_validation_fails" time="0.140" /><testcase classname="tests.functional.test_cart" name="test_update_item_not_found" time="0.404" /><testcase classname="tests.functional.test_cart" name="test_update_item_insufficient_stock" time="0.539" /><testcase classname="tests.functional.test_cart" name="test_update_item_happy_path" time="0.809" /><testcase classname="tests.functional.test_cart" name="test_remove_item_not_found" time="0.404" /><testcase classname="tests.functional.test_cart" name="test_remove_item_happy_path" time="0.541" /><testcase classname="tests.functional.test_cart" name="test_clear_cart" time="1.297" /><testcase classname="tests.functional.test_cart" name="test_cart_security_no_token" time="0.005" /><testcase classname="tests.functional.test_cart" name="test_cart_cleanup" time="1.915" /><testcase classname="tests.security.test_security" name="test_security_rbac" time="0.834" /><testcase classname="tests.security.test_security" name="test_security_injection" time="0.156" /><testcase classname="tests.security.test_security" name="test_reset_token_tampering" time="0.754" /><testcase classname="tests.security.test_security" name="test_reset_token_replay_attack" time="1.107" /><testcase classname="tests.security.test_security" name="test_forgot_password_nosql_injection" time="0.008" /><testcase classname="tests.security.test_security" name="test_reset_password_nosql_injection" time="0.170" /></testsuite></testsuites>