<?xml version="1.0" encoding="utf-8"?><testsuites name="pytest tests"><testsuite name="pytest" errors="0" failures="0" skipped="0" tests="44" time="34.017" timestamp="2026-03-14T00:23:14.466006+02:00" hostname="DESKTOP-18NJLGS"><testcase classname="tests.functional.test_auth" name="test_register" time="0.642" /><testcase classname="tests.functional.test_auth" name="test_login" time="0.654" /><testcase classname="tests.functional.test_auth" name="test_get_me" time="0.281" /><testcase classname="tests.functional.test_auth" name="test_update_details" time="0.836" /><testcase classname="tests.functional.test_auth" name="test_forgot_password_happy_path" time="0.279" /><testcase classname="tests.functional.test_auth" name="test_forgot_password_invalid_email" time="0.137" /><testcase classname="tests.functional.test_auth" name="test_reset_password_happy_path" time="0.379" /><testcase classname="tests.functional.test_auth" name="test_login_with_new_password" time="0.423" /><testcase classname="tests.functional.test_cart" name="test_cart_setup" time="1.506" /><testcase classname="tests.functional.test_cart" name="test_get_empty_cart" time="0.276" /><testcase classname="tests.functional.test_cart" name="test_add_item_validation_fails" time="0.278" /><testcase classname="tests.functional.test_cart" name="test_add_item_product_not_found" time="0.271" /><testcase classname="tests.functional.test_cart" name="test_add_item_happy_path" time="0.674" /><testcase classname="tests.functional.test_cart" name="test_add_item_insufficient_stock" time="0.277" /><testcase classname="tests.functional.test_cart" name="test_add_item_zero_stock_product" time="0.842" /><testcase classname="tests.functional.test_cart" name="test_add_item_again_updates_quantity" time="0.892" /><testcase classname="tests.functional.test_cart" name="test_update_item_validation_fails" time="0.139" /><testcase classname="tests.functional.test_cart" name="test_update_item_not_found" time="0.499" /><testcase classname="tests.functional.test_cart" name="test_update_item_insufficient_stock" time="0.627" /><testcase classname="tests.functional.test_cart" name="test_update_item_happy_path" time="0.820" /><testcase classname="tests.functional.test_cart" name="test_remove_item_not_found" time="0.404" /><testcase classname="tests.functional.test_cart" name="test_remove_item_happy_path" time="0.553" /><testcase classname="tests.functional.test_cart" name="test_clear_cart" time="1.385" /><testcase classname="tests.functional.test_cart" name="test_cart_security_no_token" time="0.005" /><testcase classname="tests.functional.test_cart" name="test_cart_cleanup" time="1.928" /><testcase classname="tests.functional.test_payments" name="test_payment_setup" time="4.134" /><testcase classname="tests.functional.test_payments" name="test_pay_security_401_no_token" time="0.006" /><testcase classname="tests.functional.test_payments" name="test_pay_security_403_wrong_user" time="0.304" /><testcase classname="tests.functional.test_payments" name="test_pay_security_404_invalid_id" time="0.440" /><testcase classname="tests.functional.test_payments" name="test_pay_validation_missing_method" time="0.327" /><testcase classname="tests.functional.test_payments" name="test_pay_validation_invalid_method" time="0.356" /><testcase classname="tests.functional.test_payments" name="test_pay_validation_wallet_bad_phone_regex" time="0.269" /><testcase classname="tests.functional.test_payments" name="test_pay_logic_wallet_requirement" time="2.877" /><testcase classname="tests.functional.test_payments" name="test_pay_happy_card_iframe" time="1.243" /><testcase classname="tests.functional.test_payments" name="test_pay_happy_wallet_redirect" time="1.366" /><testcase classname="tests.functional.test_payments" name="test_pay_happy_fawry_code" time="1.432" /><testcase classname="tests.functional.test_payments" name="test_pay_prevent_double_payment" time="0.686" /><testcase classname="tests.functional.test_payments" name="test_payment_cleanup" time="1.791" /><testcase classname="tests.security.test_security" name="test_security_rbac" time="0.896" /><testcase classname="tests.security.test_security" name="test_security_injection" time="0.166" /><testcase classname="tests.security.test_security" name="test_reset_token_tampering" time="0.753" /><testcase classname="tests.security.test_security" name="test_reset_token_replay_attack" time="1.100" /><testcase classname="tests.security.test_security" name="test_forgot_password_nosql_injection" time="0.006" /><testcase classname="tests.security.test_security" name="test_reset_password_nosql_injection" time="0.139" /></testsuite></testsuites>