<?xml version="1.0" encoding="utf-8"?><testsuites name="pytest tests"><testsuite name="pytest" errors="0" failures="0" skipped="0" tests="23" time="22.801" timestamp="2026-03-14T00:19:45.136082+02:00" hostname="DESKTOP-18NJLGS"><testcase classname="tests.functional.test_cart" name="test_cart_setup" time="1.549" /><testcase classname="tests.functional.test_cart" name="test_get_empty_cart" time="0.276" /><testcase classname="tests.functional.test_cart" name="test_add_item_validation_fails" time="0.277" /><testcase classname="tests.functional.test_cart" name="test_add_item_product_not_found" time="0.311" /><testcase classname="tests.functional.test_cart" name="test_add_item_happy_path" time="3.275" /><testcase classname="tests.functional.test_cart" name="test_add_item_insufficient_stock" time="0.274" /><testcase classname="tests.functional.test_cart" name="test_add_item_zero_stock_product" time="0.961" /><testcase classname="tests.functional.test_cart" name="test_add_item_again_updates_quantity" time="0.941" /><testcase classname="tests.functional.test_cart" name="test_update_item_validation_fails" time="1.369" /><testcase classname="tests.functional.test_cart" name="test_update_item_not_found" time="1.267" /><testcase classname="tests.functional.test_cart" name="test_update_item_insufficient_stock" time="0.548" /><testcase classname="tests.functional.test_cart" name="test_update_item_happy_path" time="0.806" /><testcase classname="tests.functional.test_cart" name="test_remove_item_not_found" time="0.419" /><testcase classname="tests.functional.test_cart" name="test_remove_item_happy_path" time="0.541" /><testcase classname="tests.functional.test_cart" name="test_clear_cart" time="1.219" /><testcase classname="tests.functional.test_cart" name="test_cart_security_no_token" time="0.006" /><testcase classname="tests.functional.test_cart" name="test_cart_cleanup" time="1.893" /><testcase classname="tests.security.test_security" name="test_security_rbac" time="3.619" /><testcase classname="tests.security.test_security" name="test_security_injection" time="0.228" /><testcase classname="tests.security.test_security" name="test_reset_token_tampering" time="0.794" /><testcase classname="tests.security.test_security" name="test_reset_token_replay_attack" time="1.104" /><testcase classname="tests.security.test_security" name="test_forgot_password_nosql_injection" time="0.006" /><testcase classname="tests.security.test_security" name="test_reset_password_nosql_injection" time="0.139" /></testsuite></testsuites>