<?xml version="1.0" encoding="utf-8"?><testsuites name="pytest tests"><testsuite name="pytest" errors="0" failures="0" skipped="0" tests="17" time="99.268" timestamp="2026-03-14T00:33:42.869778+02:00" hostname="DESKTOP-18NJLGS"><testcase classname="tests.functional.test_admin_users" name="test_setup_users" time="30.249" /><testcase classname="tests.functional.test_admin_users" name="test_get_all_users_owner_pagination" time="6.525" /><testcase classname="tests.functional.test_admin_users" name="test_get_all_users_security_intruder" time="9.281" /><testcase classname="tests.functional.test_admin_users" name="test_promote_user_to_admin" time="16.284" /><testcase classname="tests.functional.test_admin_users" name="test_owner_cannot_demote_self" time="3.595" /><testcase classname="tests.functional.test_admin_users" name="test_update_non_existent_user" time="0.724" /><testcase classname="tests.functional.test_admin_users" name="test_delete_user_lifecycle" time="7.078" /><testcase classname="tests.functional.test_admin_users" name="test_owner_delete_self_fails" time="2.662" /><testcase classname="tests.functional.test_categories" name="test_get_owner_token" time="3.408" /><testcase classname="tests.functional.test_categories" name="test_get_all_categories_public" time="3.521" /><testcase classname="tests.functional.test_categories" name="test_category_security_no_token" time="0.005" /><testcase classname="tests.functional.test_categories" name="test_category_security_customer_role" time="0.841" /><testcase classname="tests.functional.test_categories" name="test_create_category_validation" time="0.758" /><testcase classname="tests.functional.test_categories" name="test_create_category_logic" time="1.490" /><testcase classname="tests.functional.test_categories" name="test_get_single_category_public" time="0.983" /><testcase classname="tests.functional.test_categories" name="test_update_category_logic" time="2.704" /><testcase classname="tests.functional.test_categories" name="test_delete_category" time="8.529" /></testsuite></testsuites>