<?xml version="1.0" encoding="utf-8"?><testsuites name="pytest tests"><testsuite name="pytest" errors="0" failures="0" skipped="0" tests="54" time="37.588" timestamp="2026-03-14T00:43:27.966023+02:00" hostname="DESKTOP-18NJLGS"><testcase classname="tests.functional.test_profile" name="test_profile_setup" time="2.064" /><testcase classname="tests.functional.test_profile" name="test_add_address" time="0.409" /><testcase classname="tests.functional.test_profile" name="test_delete_address" time="0.408" /><testcase classname="tests.functional.test_profile" name="test_toggle_wishlist_add" time="0.405" /><testcase classname="tests.functional.test_profile" name="test_get_wishlist_populated" time="0.405" /><testcase classname="tests.functional.test_profile" name="test_toggle_wishlist_remove" time="1.253" /><testcase classname="tests.functional.test_products" name="test_product_setup_get_owner_token" time="1.107" /><testcase classname="tests.functional.test_products" name="test_product_setup_get_customer_token" time="0.001" /><testcase classname="tests.functional.test_products" name="test_product_setup_create_category" time="0.001" /><testcase classname="tests.functional.test_products" name="test_product_security_post_no_token" time="0.005" /><testcase classname="tests.functional.test_products" name="test_product_security_post_customer_token" time="0.139" /><testcase classname="tests.functional.test_products" name="test_product_security_put_no_token" time="0.005" /><testcase classname="tests.functional.test_products" name="test_product_security_put_customer_token" time="0.139" /><testcase classname="tests.functional.test_products" name="test_product_security_delete_no_token" time="0.005" /><testcase classname="tests.functional.test_products" name="test_product_security_delete_customer_token" time="0.138" /><testcase classname="tests.functional.test_products" name="test_create_product_validation_missing_fields" time="0.140" /><testcase classname="tests.functional.test_products" name="test_create_product_validation_bad_data" time="0.140" /><testcase classname="tests.functional.test_products" name="test_update_product_validation_bad_data" time="0.139" /><testcase classname="tests.functional.test_products" name="test_create_product_logic_bad_category" time="0.405" /><testcase classname="tests.functional.test_products" name="test_create_product_happy_path" time="0.543" /><testcase classname="tests.functional.test_products" name="test_create_product_logic_duplicate_sku" time="0.273" /><testcase classname="tests.functional.test_products" name="test_get_all_products_public" time="0.146" /><testcase classname="tests.functional.test_products" name="test_get_single_product_public_happy_path" time="0.270" /><testcase classname="tests.functional.test_products" name="test_get_single_product_public_not_found" time="0.137" /><testcase classname="tests.functional.test_products" name="test_get_products_pagination" time="0.295" /><testcase classname="tests.functional.test_products" name="test_update_product_logic_not_found" time="0.271" /><testcase classname="tests.functional.test_products" name="test_update_product_logic_duplicate_sku" time="0.957" /><testcase classname="tests.functional.test_products" name="test_update_product_happy_path" time="0.407" /><testcase classname="tests.functional.test_products" name="test_delete_product_happy_path" time="0.411" /><testcase classname="tests.functional.test_products" name="test_delete_product_logic_not_found" time="0.273" /><testcase classname="tests.functional.test_products" name="test_product_cleanup_category" time="1.365" /><testcase classname="tests.functional.test_admin_products" name="test_product_setup_bulk" time="2.183" /><testcase classname="tests.functional.test_admin_products" name="test_filter_low_stock" time="0.141" /><testcase classname="tests.functional.test_admin_products" name="test_filter_out_of_stock" time="0.140" /><testcase classname="tests.functional.test_admin_products" name="test_search_keyword" time="0.140" /><testcase classname="tests.functional.test_admin_products" name="test_pagination_logic" time="0.144" /><testcase classname="tests.functional.test_admin_products" name="test_soft_delete_flow" time="0.554" /><testcase classname="tests.functional.test_admin_products" name="test_cleanup_admin_products" time="2.598" /><testcase classname="tests.functional.test_admin_financials" name="test_fin_setup" time="2.049" /><testcase classname="tests.functional.test_admin_financials" name="test_create_order_check_cost" time="2.312" /><testcase classname="tests.functional.test_admin_financials" name="test_privacy_check" time="0.805" /><testcase classname="tests.functional.test_admin_financials" name="test_strict_flow_enforcement" time="1.086" /><testcase classname="tests.functional.test_admin_financials" name="test_cancel_restores_stock" time="3.542" /><testcase classname="tests.functional.test_admin_financials" name="test_cleanup_financials" time="1.357" /><testcase classname="tests.security.test_webhook" name="test_webhook_impersonator_attack" time="3.414" /><testcase classname="tests.security.test_webhook" name="test_webhook_man_in_the_middle_attack" time="0.005" /><testcase classname="tests.security.test_webhook" name="test_webhook_happy_path_success" time="0.679" /><testcase classname="tests.security.test_webhook" name="test_webhook_idempotency" time="1.761" /><testcase classname="tests.security.test_advanced" name="test_security_xss_injection" time="0.341" /><testcase classname="tests.security.test_advanced" name="test_security_hpp_parameter_pollution" time="0.146" /><testcase classname="tests.security.test_advanced" name="test_security_method_tampering" time="0.005" /><testcase classname="tests.security.test_advanced" name="test_security_directory_traversal" time="0.004" /><testcase classname="tests.security.test_advanced" name="test_security_sensitive_data_exposure" time="0.549" /><testcase classname="tests.security.test_advanced" name="test_security_jwt_tampering" time="0.212" /></testsuite></testsuites>