<?xml version="1.0" encoding="utf-8"?><testsuites name="pytest tests"><testsuite name="pytest" errors="0" failures="0" skipped="0" tests="22" time="16.465" timestamp="2026-03-13T23:59:37.939684+02:00" hostname="DESKTOP-18NJLGS"><testcase classname="tests.functional.test_cart" name="test_cart_setup" time="1.580" /><testcase classname="tests.functional.test_cart" name="test_get_empty_cart" time="0.281" /><testcase classname="tests.functional.test_cart" name="test_add_item_validation_fails" time="0.293" /><testcase classname="tests.functional.test_cart" name="test_add_item_product_not_found" time="0.356" /><testcase classname="tests.functional.test_cart" name="test_add_item_happy_path" time="0.880" /><testcase classname="tests.functional.test_cart" name="test_add_item_insufficient_stock" time="0.288" /><testcase classname="tests.functional.test_cart" name="test_add_item_zero_stock_product" time="0.843" /><testcase classname="tests.functional.test_cart" name="test_add_item_again_updates_quantity" time="0.840" /><testcase classname="tests.functional.test_cart" name="test_update_item_validation_fails" time="0.144" /><testcase classname="tests.functional.test_cart" name="test_update_item_not_found" time="0.426" /><testcase classname="tests.functional.test_cart" name="test_update_item_insufficient_stock" time="0.562" /><testcase classname="tests.functional.test_cart" name="test_update_item_happy_path" time="0.836" /><testcase classname="tests.functional.test_cart" name="test_remove_item_not_found" time="0.421" /><testcase classname="tests.functional.test_cart" name="test_remove_item_happy_path" time="0.572" /><testcase classname="tests.functional.test_cart" name="test_clear_cart" time="1.260" /><testcase classname="tests.functional.test_cart" name="test_cart_security_no_token" time="0.007" /><testcase classname="tests.functional.test_cart" name="test_cart_cleanup" time="0.843" /><testcase classname="tests.security.test_webhook" name="test_webhook_impersonator_attack" time="3.647" /><testcase classname="tests.security.test_webhook" name="test_webhook_man_in_the_middle_attack" time="0.029" /><testcase classname="tests.security.test_webhook" name="test_webhook_happy_path_success" time="0.708" /><testcase classname="tests.security.test_webhook" name="test_webhook_idempotency" time="0.980" /><testcase classname="tests.security.test_hardening" name="test_security_payload_limit" time="0.005" /></testsuite></testsuites>