<?xml version="1.0" encoding="utf-8"?><testsuites name="pytest tests"><testsuite name="pytest" errors="0" failures="0" skipped="0" tests="146" time="86.916" timestamp="2026-03-14T00:00:41.201510+02:00" hostname="DESKTOP-18NJLGS"><testcase classname="tests.functional.test_auth" name="test_register" time="0.660" /><testcase classname="tests.functional.test_auth" name="test_login" time="0.807" /><testcase classname="tests.functional.test_auth" name="test_get_me" time="0.297" /><testcase classname="tests.functional.test_auth" name="test_update_details" time="0.861" /><testcase classname="tests.functional.test_auth" name="test_forgot_password_happy_path" time="0.283" /><testcase classname="tests.functional.test_auth" name="test_forgot_password_invalid_email" time="0.142" /><testcase classname="tests.functional.test_auth" name="test_reset_password_happy_path" time="0.356" /><testcase classname="tests.functional.test_auth" name="test_login_with_new_password" time="0.428" /><testcase classname="tests.functional.test_profile" name="test_profile_setup" time="1.704" /><testcase classname="tests.functional.test_profile" name="test_add_address" time="0.424" /><testcase classname="tests.functional.test_profile" name="test_delete_address" time="0.421" /><testcase classname="tests.functional.test_profile" name="test_toggle_wishlist_add" time="0.434" /><testcase classname="tests.functional.test_profile" name="test_get_wishlist_populated" time="0.422" /><testcase classname="tests.functional.test_profile" name="test_toggle_wishlist_remove" time="0.422" /><testcase classname="tests.functional.test_admin_users" name="test_setup_users" time="1.307" /><testcase classname="tests.functional.test_admin_users" name="test_get_all_users_owner_pagination" time="0.420" /><testcase classname="tests.functional.test_admin_users" name="test_get_all_users_security_intruder" time="0.180" /><testcase classname="tests.functional.test_admin_users" name="test_promote_user_to_admin" time="0.427" /><testcase classname="tests.functional.test_admin_users" name="test_owner_cannot_demote_self" time="0.429" /><testcase classname="tests.functional.test_admin_users" name="test_update_non_existent_user" time="0.284" /><testcase classname="tests.functional.test_admin_users" name="test_delete_user_lifecycle" time="0.702" /><testcase classname="tests.functional.test_admin_users" name="test_owner_delete_self_fails" time="0.283" /><testcase classname="tests.functional.test_categories" name="test_get_owner_token" time="0.162" /><testcase classname="tests.functional.test_categories" name="test_get_all_categories_public" time="0.144" /><testcase classname="tests.functional.test_categories" name="test_category_security_no_token" time="0.005" /><testcase classname="tests.functional.test_categories" name="test_category_security_customer_role" time="0.827" /><testcase classname="tests.functional.test_categories" name="test_create_category_validation" time="0.291" /><testcase classname="tests.functional.test_categories" name="test_create_category_logic" time="0.705" /><testcase classname="tests.functional.test_categories" name="test_get_single_category_public" time="0.284" /><testcase classname="tests.functional.test_categories" name="test_update_category_logic" time="0.839" /><testcase classname="tests.functional.test_categories" name="test_delete_category" time="0.703" /><testcase classname="tests.functional.test_products" name="test_product_setup_get_owner_token" time="0.001" /><testcase classname="tests.functional.test_products" name="test_product_setup_get_customer_token" time="0.571" /><testcase classname="tests.functional.test_products" name="test_product_setup_create_category" time="0.425" /><testcase classname="tests.functional.test_products" name="test_product_security_post_no_token" time="0.008" /><testcase classname="tests.functional.test_products" name="test_product_security_post_customer_token" time="0.146" /><testcase classname="tests.functional.test_products" name="test_product_security_put_no_token" time="0.006" /><testcase classname="tests.functional.test_products" name="test_product_security_put_customer_token" time="0.144" /><testcase classname="tests.functional.test_products" name="test_product_security_delete_no_token" time="0.007" /><testcase classname="tests.functional.test_products" name="test_product_security_delete_customer_token" time="0.146" /><testcase classname="tests.functional.test_products" name="test_create_product_validation_missing_fields" time="0.146" /><testcase classname="tests.functional.test_products" name="test_create_product_validation_bad_data" time="0.144" /><testcase classname="tests.functional.test_products" name="test_update_product_validation_bad_data" time="0.145" /><testcase classname="tests.functional.test_products" name="test_create_product_logic_bad_category" time="0.420" /><testcase classname="tests.functional.test_products" name="test_create_product_happy_path" time="0.560" /><testcase classname="tests.functional.test_products" name="test_create_product_logic_duplicate_sku" time="0.284" /><testcase classname="tests.functional.test_products" name="test_get_all_products_public" time="0.150" /><testcase classname="tests.functional.test_products" name="test_get_single_product_public_happy_path" time="0.281" /><testcase classname="tests.functional.test_products" name="test_get_single_product_public_not_found" time="0.142" /><testcase classname="tests.functional.test_products" name="test_get_products_pagination" time="0.297" /><testcase classname="tests.functional.test_products" name="test_update_product_logic_not_found" time="0.281" /><testcase classname="tests.functional.test_products" name="test_update_product_logic_duplicate_sku" time="0.997" /><testcase classname="tests.functional.test_products" name="test_update_product_happy_path" time="0.423" /><testcase classname="tests.functional.test_products" name="test_delete_product_happy_path" time="0.422" /><testcase classname="tests.functional.test_products" name="test_delete_product_logic_not_found" time="0.281" /><testcase classname="tests.functional.test_products" name="test_product_cleanup_category" time="0.420" /><testcase classname="tests.functional.test_admin_products" name="test_product_setup_bulk" time="2.300" /><testcase classname="tests.functional.test_admin_products" name="test_filter_low_stock" time="0.145" /><testcase classname="tests.functional.test_admin_products" name="test_filter_out_of_stock" time="0.150" /><testcase classname="tests.functional.test_admin_products" name="test_search_keyword" time="0.144" /><testcase classname="tests.functional.test_admin_products" name="test_pagination_logic" time="0.149" /><testcase classname="tests.functional.test_admin_products" name="test_soft_delete_flow" time="0.572" /><testcase classname="tests.functional.test_admin_products" name="test_cleanup_admin_products" time="1.543" /><testcase classname="tests.functional.test_cart" name="test_cart_setup" time="1.566" /><testcase classname="tests.functional.test_cart" name="test_get_empty_cart" time="0.281" /><testcase classname="tests.functional.test_cart" name="test_add_item_validation_fails" time="0.285" /><testcase classname="tests.functional.test_cart" name="test_add_item_product_not_found" time="0.281" /><testcase classname="tests.functional.test_cart" name="test_add_item_happy_path" time="0.698" /><testcase classname="tests.functional.test_cart" name="test_add_item_insufficient_stock" time="0.281" /><testcase classname="tests.functional.test_cart" name="test_add_item_zero_stock_product" time="0.841" /><testcase classname="tests.functional.test_cart" name="test_add_item_again_updates_quantity" time="0.836" /><testcase classname="tests.functional.test_cart" name="test_update_item_validation_fails" time="0.147" /><testcase classname="tests.functional.test_cart" name="test_update_item_not_found" time="0.425" /><testcase classname="tests.functional.test_cart" name="test_update_item_insufficient_stock" time="0.692" /><testcase classname="tests.functional.test_cart" name="test_update_item_happy_path" time="0.838" /><testcase classname="tests.functional.test_cart" name="test_remove_item_not_found" time="0.420" /><testcase classname="tests.functional.test_cart" name="test_remove_item_happy_path" time="0.560" /><testcase classname="tests.functional.test_cart" name="test_clear_cart" time="1.268" /><testcase classname="tests.functional.test_cart" name="test_cart_security_no_token" time="0.006" /><testcase classname="tests.functional.test_cart" name="test_cart_cleanup" time="0.845" /><testcase classname="tests.functional.test_orders" name="test_order_setup_login_and_create_product" time="1.147" /><testcase classname="tests.functional.test_orders" name="test_order_setup_create_customer" time="0.572" /><testcase classname="tests.functional.test_orders" name="test_order_customer_adds_to_cart" time="0.839" /><testcase classname="tests.functional.test_orders" name="test_create_order_validation_fails" time="0.289" /><testcase classname="tests.functional.test_orders" name="test_create_order_happy_path" time="0.992" /><testcase classname="tests.functional.test_orders" name="test_verify_cart_is_cleared" time="0.425" /><testcase classname="tests.functional.test_orders" name="test_verify_stock_is_reduced" time="0.282" /><testcase classname="tests.functional.test_orders" name="test_create_order_fails_if_cart_empty" time="0.283" /><testcase classname="tests.functional.test_orders" name="test_customer_get_my_orders" time="0.283" /><testcase classname="tests.functional.test_orders" name="test_customer_get_order_by_id_success" time="0.422" /><testcase classname="tests.functional.test_orders" name="test_customer_get_order_by_id_fails_for_other_order" time="0.282" /><testcase classname="tests.functional.test_orders" name="test_admin_get_all_orders" time="0.734" /><testcase classname="tests.functional.test_orders" name="test_admin_get_customer_order_by_id" time="0.420" /><testcase classname="tests.functional.test_orders" name="test_admin_update_status_validation_fails" time="0.147" /><testcase classname="tests.functional.test_orders" name="test_admin_update_status_happy_path" time="0.855" /><testcase classname="tests.functional.test_orders" name="test_order_security_admin_routes_fail_for_customer" time="0.289" /><testcase classname="tests.functional.test_orders" name="test_order_cleanup" time="0.841" /><testcase classname="tests.functional.test_payments" name="test_payment_setup" time="4.117" /><testcase classname="tests.functional.test_payments" name="test_pay_security_401_no_token" time="0.006" /><testcase classname="tests.functional.test_payments" name="test_pay_security_403_wrong_user" time="0.283" /><testcase classname="tests.functional.test_payments" name="test_pay_security_404_invalid_id" time="0.282" /><testcase classname="tests.functional.test_payments" name="test_pay_validation_missing_method" time="0.145" /><testcase classname="tests.functional.test_payments" name="test_pay_validation_invalid_method" time="0.146" /><testcase classname="tests.functional.test_payments" name="test_pay_validation_wallet_bad_phone_regex" time="0.143" /><testcase classname="tests.functional.test_payments" name="test_pay_logic_wallet_requirement" time="2.134" /><testcase classname="tests.functional.test_payments" name="test_pay_happy_card_iframe" time="1.335" /><testcase classname="tests.functional.test_payments" name="test_pay_happy_wallet_redirect" time="1.500" /><testcase classname="tests.functional.test_payments" name="test_pay_happy_fawry_code" time="1.575" /><testcase classname="tests.functional.test_payments" name="test_pay_prevent_double_payment" time="0.703" /><testcase classname="tests.functional.test_payments" name="test_payment_cleanup" time="0.841" /><testcase classname="tests.functional.test_reviews" name="test_review_setup" time="1.769" /><testcase classname="tests.functional.test_reviews" name="test_create_review_validation" time="0.311" /><testcase classname="tests.functional.test_reviews" name="test_create_review_happy_path" time="0.841" /><testcase classname="tests.functional.test_reviews" name="test_prevent_duplicate_reviews" time="0.419" /><testcase classname="tests.functional.test_reviews" name="test_verify_product_stats_updated" time="0.280" /><testcase classname="tests.functional.test_reviews" name="test_update_review_permissions" time="0.143" /><testcase classname="tests.functional.test_reviews" name="test_update_review_happy_path" time="0.700" /><testcase classname="tests.functional.test_reviews" name="test_verify_stats_after_update" time="0.780" /><testcase classname="tests.functional.test_reviews" name="test_delete_review_happy_path" time="0.700" /><testcase classname="tests.functional.test_reviews" name="test_verify_stats_after_delete" time="0.280" /><testcase classname="tests.functional.test_reviews" name="test_review_cleanup" time="0.846" /><testcase classname="tests.functional.test_admin_financials" name="test_fin_setup" time="2.142" /><testcase classname="tests.functional.test_admin_financials" name="test_create_order_check_cost" time="2.420" /><testcase classname="tests.functional.test_admin_financials" name="test_privacy_check" time="0.835" /><testcase classname="tests.functional.test_admin_financials" name="test_strict_flow_enforcement" time="1.121" /><testcase classname="tests.functional.test_admin_financials" name="test_cancel_restores_stock" time="3.635" /><testcase classname="tests.functional.test_admin_financials" name="test_cleanup_financials" time="0.840" /><testcase classname="tests.security.test_webhook" name="test_webhook_impersonator_attack" time="3.581" /><testcase classname="tests.security.test_webhook" name="test_webhook_man_in_the_middle_attack" time="0.005" /><testcase classname="tests.security.test_webhook" name="test_webhook_happy_path_success" time="0.714" /><testcase classname="tests.security.test_webhook" name="test_webhook_idempotency" time="0.979" /><testcase classname="tests.security.test_security" name="test_security_rbac" time="0.286" /><testcase classname="tests.security.test_security" name="test_security_injection" time="0.162" /><testcase classname="tests.security.test_security" name="test_reset_token_tampering" time="0.427" /><testcase classname="tests.security.test_security" name="test_reset_token_replay_attack" time="0.777" /><testcase classname="tests.security.test_security" name="test_forgot_password_nosql_injection" time="0.007" /><testcase classname="tests.security.test_security" name="test_reset_password_nosql_injection" time="0.146" /><testcase classname="tests.security.test_hardening" name="test_security_headers_helmet" time="0.005" /><testcase classname="tests.security.test_hardening" name="test_security_payload_limit" time="0.009" /><testcase classname="tests.security.test_hardening" name="test_security_error_leakage" time="0.143" /><testcase classname="tests.security.test_advanced" name="test_security_xss_injection" time="0.144" /><testcase classname="tests.security.test_advanced" name="test_security_hpp_parameter_pollution" time="0.150" /><testcase classname="tests.security.test_advanced" name="test_security_method_tampering" time="0.004" /><testcase classname="tests.security.test_advanced" name="test_security_directory_traversal" time="0.005" /><testcase classname="tests.security.test_advanced" name="test_security_sensitive_data_exposure" time="0.161" /><testcase classname="tests.security.test_advanced" name="test_security_jwt_tampering" time="0.167" /></testsuite></testsuites>