<?xml version="1.0" encoding="utf-8"?><testsuites name="pytest tests"><testsuite name="pytest" errors="0" failures="0" skipped="0" tests="146" time="102.125" timestamp="2026-03-14T00:24:45.768419+02:00" hostname="DESKTOP-18NJLGS"><testcase classname="tests.functional.test_auth" name="test_register" time="0.635" /><testcase classname="tests.functional.test_auth" name="test_login" time="0.562" /><testcase classname="tests.functional.test_auth" name="test_get_me" time="0.280" /><testcase classname="tests.functional.test_auth" name="test_update_details" time="0.840" /><testcase classname="tests.functional.test_auth" name="test_forgot_password_happy_path" time="0.277" /><testcase classname="tests.functional.test_auth" name="test_forgot_password_invalid_email" time="0.145" /><testcase classname="tests.functional.test_auth" name="test_reset_password_happy_path" time="0.353" /><testcase classname="tests.functional.test_auth" name="test_login_with_new_password" time="0.469" /><testcase classname="tests.functional.test_profile" name="test_profile_setup" time="1.698" /><testcase classname="tests.functional.test_profile" name="test_add_address" time="0.410" /><testcase classname="tests.functional.test_profile" name="test_delete_address" time="0.409" /><testcase classname="tests.functional.test_profile" name="test_toggle_wishlist_add" time="0.406" /><testcase classname="tests.functional.test_profile" name="test_get_wishlist_populated" time="0.408" /><testcase classname="tests.functional.test_profile" name="test_toggle_wishlist_remove" time="0.412" /><testcase classname="tests.functional.test_admin_users" name="test_setup_users" time="1.367" /><testcase classname="tests.functional.test_admin_users" name="test_get_all_users_owner_pagination" time="0.429" /><testcase classname="tests.functional.test_admin_users" name="test_get_all_users_security_intruder" time="0.141" /><testcase classname="tests.functional.test_admin_users" name="test_promote_user_to_admin" time="0.430" /><testcase classname="tests.functional.test_admin_users" name="test_owner_cannot_demote_self" time="0.279" /><testcase classname="tests.functional.test_admin_users" name="test_update_non_existent_user" time="0.285" /><testcase classname="tests.functional.test_admin_users" name="test_delete_user_lifecycle" time="0.680" /><testcase classname="tests.functional.test_admin_users" name="test_owner_delete_self_fails" time="0.290" /><testcase classname="tests.functional.test_categories" name="test_get_owner_token" time="0.171" /><testcase classname="tests.functional.test_categories" name="test_get_all_categories_public" time="0.146" /><testcase classname="tests.functional.test_categories" name="test_category_security_no_token" time="0.006" /><testcase classname="tests.functional.test_categories" name="test_category_security_customer_role" time="0.720" /><testcase classname="tests.functional.test_categories" name="test_create_category_validation" time="0.326" /><testcase classname="tests.functional.test_categories" name="test_create_category_logic" time="0.712" /><testcase classname="tests.functional.test_categories" name="test_get_single_category_public" time="0.286" /><testcase classname="tests.functional.test_categories" name="test_update_category_logic" time="0.867" /><testcase classname="tests.functional.test_categories" name="test_delete_category" time="0.869" /><testcase classname="tests.functional.test_products" name="test_product_setup_get_owner_token" time="0.002" /><testcase classname="tests.functional.test_products" name="test_product_setup_get_customer_token" time="0.586" /><testcase classname="tests.functional.test_products" name="test_product_setup_create_category" time="0.411" /><testcase classname="tests.functional.test_products" name="test_product_security_post_no_token" time="0.007" /><testcase classname="tests.functional.test_products" name="test_product_security_post_customer_token" time="0.152" /><testcase classname="tests.functional.test_products" name="test_product_security_put_no_token" time="0.007" /><testcase classname="tests.functional.test_products" name="test_product_security_put_customer_token" time="0.140" /><testcase classname="tests.functional.test_products" name="test_product_security_delete_no_token" time="0.005" /><testcase classname="tests.functional.test_products" name="test_product_security_delete_customer_token" time="0.145" /><testcase classname="tests.functional.test_products" name="test_create_product_validation_missing_fields" time="0.141" /><testcase classname="tests.functional.test_products" name="test_create_product_validation_bad_data" time="0.140" /><testcase classname="tests.functional.test_products" name="test_update_product_validation_bad_data" time="0.146" /><testcase classname="tests.functional.test_products" name="test_create_product_logic_bad_category" time="0.535" /><testcase classname="tests.functional.test_products" name="test_create_product_happy_path" time="0.663" /><testcase classname="tests.functional.test_products" name="test_create_product_logic_duplicate_sku" time="0.302" /><testcase classname="tests.functional.test_products" name="test_get_all_products_public" time="0.185" /><testcase classname="tests.functional.test_products" name="test_get_single_product_public_happy_path" time="0.320" /><testcase classname="tests.functional.test_products" name="test_get_single_product_public_not_found" time="0.193" /><testcase classname="tests.functional.test_products" name="test_get_products_pagination" time="0.292" /><testcase classname="tests.functional.test_products" name="test_update_product_logic_not_found" time="0.295" /><testcase classname="tests.functional.test_products" name="test_update_product_logic_duplicate_sku" time="0.950" /><testcase classname="tests.functional.test_products" name="test_update_product_happy_path" time="0.409" /><testcase classname="tests.functional.test_products" name="test_delete_product_happy_path" time="0.417" /><testcase classname="tests.functional.test_products" name="test_delete_product_logic_not_found" time="0.275" /><testcase classname="tests.functional.test_products" name="test_product_cleanup_category" time="0.407" /><testcase classname="tests.functional.test_admin_products" name="test_product_setup_bulk" time="2.267" /><testcase classname="tests.functional.test_admin_products" name="test_filter_low_stock" time="0.142" /><testcase classname="tests.functional.test_admin_products" name="test_filter_out_of_stock" time="0.142" /><testcase classname="tests.functional.test_admin_products" name="test_search_keyword" time="0.140" /><testcase classname="tests.functional.test_admin_products" name="test_pagination_logic" time="0.147" /><testcase classname="tests.functional.test_admin_products" name="test_soft_delete_flow" time="0.553" /><testcase classname="tests.functional.test_admin_products" name="test_cleanup_admin_products" time="1.661" /><testcase classname="tests.functional.test_cart" name="test_cart_setup" time="1.636" /><testcase classname="tests.functional.test_cart" name="test_get_empty_cart" time="0.281" /><testcase classname="tests.functional.test_cart" name="test_add_item_validation_fails" time="0.281" /><testcase classname="tests.functional.test_cart" name="test_add_item_product_not_found" time="0.271" /><testcase classname="tests.functional.test_cart" name="test_add_item_happy_path" time="0.688" /><testcase classname="tests.functional.test_cart" name="test_add_item_insufficient_stock" time="0.274" /><testcase classname="tests.functional.test_cart" name="test_add_item_zero_stock_product" time="0.857" /><testcase classname="tests.functional.test_cart" name="test_add_item_again_updates_quantity" time="0.890" /><testcase classname="tests.functional.test_cart" name="test_update_item_validation_fails" time="0.140" /><testcase classname="tests.functional.test_cart" name="test_update_item_not_found" time="0.438" /><testcase classname="tests.functional.test_cart" name="test_update_item_insufficient_stock" time="0.599" /><testcase classname="tests.functional.test_cart" name="test_update_item_happy_path" time="0.844" /><testcase classname="tests.functional.test_cart" name="test_remove_item_not_found" time="0.419" /><testcase classname="tests.functional.test_cart" name="test_remove_item_happy_path" time="0.567" /><testcase classname="tests.functional.test_cart" name="test_clear_cart" time="1.225" /><testcase classname="tests.functional.test_cart" name="test_cart_security_no_token" time="0.005" /><testcase classname="tests.functional.test_cart" name="test_cart_cleanup" time="1.931" /><testcase classname="tests.functional.test_orders" name="test_order_setup_login_and_create_product" time="1.215" /><testcase classname="tests.functional.test_orders" name="test_order_setup_create_customer" time="0.626" /><testcase classname="tests.functional.test_orders" name="test_order_customer_adds_to_cart" time="0.812" /><testcase classname="tests.functional.test_orders" name="test_create_order_validation_fails" time="0.277" /><testcase classname="tests.functional.test_orders" name="test_create_order_happy_path" time="0.959" /><testcase classname="tests.functional.test_orders" name="test_verify_cart_is_cleared" time="0.418" /><testcase classname="tests.functional.test_orders" name="test_verify_stock_is_reduced" time="0.279" /><testcase classname="tests.functional.test_orders" name="test_create_order_fails_if_cart_empty" time="0.271" /><testcase classname="tests.functional.test_orders" name="test_customer_get_my_orders" time="0.273" /><testcase classname="tests.functional.test_orders" name="test_customer_get_order_by_id_success" time="0.408" /><testcase classname="tests.functional.test_orders" name="test_customer_get_order_by_id_fails_for_other_order" time="0.355" /><testcase classname="tests.functional.test_orders" name="test_admin_get_all_orders" time="0.695" /><testcase classname="tests.functional.test_orders" name="test_admin_get_customer_order_by_id" time="0.415" /><testcase classname="tests.functional.test_orders" name="test_admin_update_status_validation_fails" time="0.176" /><testcase classname="tests.functional.test_orders" name="test_admin_update_status_happy_path" time="0.834" /><testcase classname="tests.functional.test_orders" name="test_order_security_admin_routes_fail_for_customer" time="0.291" /><testcase classname="tests.functional.test_orders" name="test_order_cleanup" time="1.669" /><testcase classname="tests.functional.test_payments" name="test_payment_setup" time="5.445" /><testcase classname="tests.functional.test_payments" name="test_pay_security_401_no_token" time="0.008" /><testcase classname="tests.functional.test_payments" name="test_pay_security_403_wrong_user" time="1.861" /><testcase classname="tests.functional.test_payments" name="test_pay_security_404_invalid_id" time="0.519" /><testcase classname="tests.functional.test_payments" name="test_pay_validation_missing_method" time="0.207" /><testcase classname="tests.functional.test_payments" name="test_pay_validation_invalid_method" time="0.188" /><testcase classname="tests.functional.test_payments" name="test_pay_validation_wallet_bad_phone_regex" time="0.291" /><testcase classname="tests.functional.test_payments" name="test_pay_logic_wallet_requirement" time="2.142" /><testcase classname="tests.functional.test_payments" name="test_pay_happy_card_iframe" time="1.307" /><testcase classname="tests.functional.test_payments" name="test_pay_happy_wallet_redirect" time="1.358" /><testcase classname="tests.functional.test_payments" name="test_pay_happy_fawry_code" time="1.844" /><testcase classname="tests.functional.test_payments" name="test_pay_prevent_double_payment" time="0.686" /><testcase classname="tests.functional.test_payments" name="test_payment_cleanup" time="1.880" /><testcase classname="tests.functional.test_reviews" name="test_review_setup" time="1.711" /><testcase classname="tests.functional.test_reviews" name="test_create_review_validation" time="0.296" /><testcase classname="tests.functional.test_reviews" name="test_create_review_happy_path" time="0.880" /><testcase classname="tests.functional.test_reviews" name="test_prevent_duplicate_reviews" time="0.463" /><testcase classname="tests.functional.test_reviews" name="test_verify_product_stats_updated" time="0.303" /><testcase classname="tests.functional.test_reviews" name="test_update_review_permissions" time="0.142" /><testcase classname="tests.functional.test_reviews" name="test_update_review_happy_path" time="0.718" /><testcase classname="tests.functional.test_reviews" name="test_verify_stats_after_update" time="0.857" /><testcase classname="tests.functional.test_reviews" name="test_delete_review_happy_path" time="0.680" /><testcase classname="tests.functional.test_reviews" name="test_verify_stats_after_delete" time="0.316" /><testcase classname="tests.functional.test_reviews" name="test_review_cleanup" time="0.816" /><testcase classname="tests.functional.test_admin_financials" name="test_fin_setup" time="2.453" /><testcase classname="tests.functional.test_admin_financials" name="test_create_order_check_cost" time="2.606" /><testcase classname="tests.functional.test_admin_financials" name="test_privacy_check" time="0.808" /><testcase classname="tests.functional.test_admin_financials" name="test_strict_flow_enforcement" time="1.178" /><testcase classname="tests.functional.test_admin_financials" name="test_cancel_restores_stock" time="8.253" /><testcase classname="tests.functional.test_admin_financials" name="test_cleanup_financials" time="0.827" /><testcase classname="tests.security.test_webhook" name="test_webhook_impersonator_attack" time="4.293" /><testcase classname="tests.security.test_webhook" name="test_webhook_man_in_the_middle_attack" time="0.008" /><testcase classname="tests.security.test_webhook" name="test_webhook_happy_path_success" time="0.695" /><testcase classname="tests.security.test_webhook" name="test_webhook_idempotency" time="1.277" /><testcase classname="tests.security.test_security" name="test_security_rbac" time="1.122" /><testcase classname="tests.security.test_security" name="test_security_injection" time="0.209" /><testcase classname="tests.security.test_security" name="test_reset_token_tampering" time="1.326" /><testcase classname="tests.security.test_security" name="test_reset_token_replay_attack" time="1.132" /><testcase classname="tests.security.test_security" name="test_forgot_password_nosql_injection" time="0.006" /><testcase classname="tests.security.test_security" name="test_reset_password_nosql_injection" time="0.139" /><testcase classname="tests.security.test_hardening" name="test_security_headers_helmet" time="0.004" /><testcase classname="tests.security.test_hardening" name="test_security_payload_limit" time="0.006" /><testcase classname="tests.security.test_hardening" name="test_security_error_leakage" time="0.156" /><testcase classname="tests.security.test_advanced" name="test_security_xss_injection" time="0.151" /><testcase classname="tests.security.test_advanced" name="test_security_hpp_parameter_pollution" time="0.284" /><testcase classname="tests.security.test_advanced" name="test_security_method_tampering" time="0.005" /><testcase classname="tests.security.test_advanced" name="test_security_directory_traversal" time="0.005" /><testcase classname="tests.security.test_advanced" name="test_security_sensitive_data_exposure" time="0.157" /><testcase classname="tests.security.test_advanced" name="test_security_jwt_tampering" time="0.171" /></testsuite></testsuites>