<?xml version="1.0" encoding="utf-8"?><testsuites name="pytest tests"><testsuite name="pytest" errors="0" failures="0" skipped="0" tests="13" time="15.508" timestamp="2026-03-14T00:00:14.508435+02:00" hostname="DESKTOP-18NJLGS"><testcase classname="tests.functional.test_payments" name="test_payment_setup" time="4.346" /><testcase classname="tests.functional.test_payments" name="test_pay_security_401_no_token" time="0.005" /><testcase classname="tests.functional.test_payments" name="test_pay_security_403_wrong_user" time="0.281" /><testcase classname="tests.functional.test_payments" name="test_pay_security_404_invalid_id" time="0.280" /><testcase classname="tests.functional.test_payments" name="test_pay_validation_missing_method" time="0.143" /><testcase classname="tests.functional.test_payments" name="test_pay_validation_invalid_method" time="0.144" /><testcase classname="tests.functional.test_payments" name="test_pay_validation_wallet_bad_phone_regex" time="0.144" /><testcase classname="tests.functional.test_payments" name="test_pay_logic_wallet_requirement" time="3.859" /><testcase classname="tests.functional.test_payments" name="test_pay_happy_card_iframe" time="1.199" /><testcase classname="tests.functional.test_payments" name="test_pay_happy_wallet_redirect" time="1.429" /><testcase classname="tests.functional.test_payments" name="test_pay_happy_fawry_code" time="1.527" /><testcase classname="tests.functional.test_payments" name="test_pay_prevent_double_payment" time="0.703" /><testcase classname="tests.functional.test_payments" name="test_payment_cleanup" time="0.845" /></testsuite></testsuites>