<?xml version="1.0" encoding="utf-8"?><testsuites name="pytest tests"><testsuite name="pytest" errors="0" failures="0" skipped="0" tests="28" time="29.347" timestamp="2026-03-14T00:29:33.416941+02:00" hostname="DESKTOP-18NJLGS"><testcase classname="tests.functional.test_orders" name="test_order_setup_login_and_create_product" time="2.742" /><testcase classname="tests.functional.test_orders" name="test_order_setup_create_customer" time="0.001" /><testcase classname="tests.functional.test_orders" name="test_order_customer_adds_to_cart" time="0.832" /><testcase classname="tests.functional.test_orders" name="test_create_order_validation_fails" time="2.843" /><testcase classname="tests.functional.test_orders" name="test_create_order_happy_path" time="1.105" /><testcase classname="tests.functional.test_orders" name="test_verify_cart_is_cleared" time="0.476" /><testcase classname="tests.functional.test_orders" name="test_verify_stock_is_reduced" time="0.281" /><testcase classname="tests.functional.test_orders" name="test_create_order_fails_if_cart_empty" time="0.271" /><testcase classname="tests.functional.test_orders" name="test_customer_get_my_orders" time="0.484" /><testcase classname="tests.functional.test_orders" name="test_customer_get_order_by_id_success" time="0.447" /><testcase classname="tests.functional.test_orders" name="test_customer_get_order_by_id_fails_for_other_order" time="0.372" /><testcase classname="tests.functional.test_orders" name="test_admin_get_all_orders" time="3.519" /><testcase classname="tests.functional.test_orders" name="test_admin_get_customer_order_by_id" time="0.415" /><testcase classname="tests.functional.test_orders" name="test_admin_update_status_validation_fails" time="0.138" /><testcase classname="tests.functional.test_orders" name="test_admin_update_status_happy_path" time="0.849" /><testcase classname="tests.functional.test_orders" name="test_order_security_admin_routes_fail_for_customer" time="0.279" /><testcase classname="tests.functional.test_orders" name="test_order_cleanup" time="1.936" /><testcase classname="tests.functional.test_reviews" name="test_review_setup" time="2.357" /><testcase classname="tests.functional.test_reviews" name="test_create_review_validation" time="0.373" /><testcase classname="tests.functional.test_reviews" name="test_create_review_happy_path" time="3.170" /><testcase classname="tests.functional.test_reviews" name="test_prevent_duplicate_reviews" time="0.408" /><testcase classname="tests.functional.test_reviews" name="test_verify_product_stats_updated" time="0.284" /><testcase classname="tests.functional.test_reviews" name="test_update_review_permissions" time="0.164" /><testcase classname="tests.functional.test_reviews" name="test_update_review_happy_path" time="0.686" /><testcase classname="tests.functional.test_reviews" name="test_verify_stats_after_update" time="0.847" /><testcase classname="tests.functional.test_reviews" name="test_delete_review_happy_path" time="0.925" /><testcase classname="tests.functional.test_reviews" name="test_verify_stats_after_delete" time="0.360" /><testcase classname="tests.functional.test_reviews" name="test_review_cleanup" time="2.040" /></testsuite></testsuites>