{"/home/hazalkoom/Documents/SmartCart/smartCart/backend/src/models/orderModel.js": {"path":"/home/hazalkoom/Documents/SmartCart/smartCart/backend/src/models/orderModel.js","statementMap":{"0":{"start":{"line":1,"column":17},"end":{"line":1,"column":36}},"1":{"start":{"line":3,"column":24},"end":{"line":32,"column":2}},"2":{"start":{"line":34,"column":30},"end":{"line":40,"column":2}},"3":{"start":{"line":43,"column":20},"end":{"line":117,"column":1}},"4":{"start":{"line":119,"column":0},"end":{"line":119,"column":54}}},"fnMap":{},"branchMap":{},"s":{"0":2,"1":2,"2":2,"3":2,"4":2},"f":{},"b":{},"_coverageSchema":"1a1c01bbd47fc00a2c39e90264f33305004495a9","hash":"2650eb1a742c3ff736c17665a61386b067593e79"}
,"/home/hazalkoom/Documents/SmartCart/smartCart/backend/src/models/userModel.js": {"path":"/home/hazalkoom/Documents/SmartCart/smartCart/backend/src/models/userModel.js","statementMap":{"0":{"start":{"line":1,"column":17},"end":{"line":1,"column":36}},"1":{"start":{"line":2,"column":15},"end":{"line":2,"column":34}},"2":{"start":{"line":4,"column":22},"end":{"line":23,"column":2}},"3":{"start":{"line":25,"column":19},"end":{"line":65,"column":1}},"4":{"start":{"line":67,"column":0},"end":{"line":74,"column":3}},"5":{"start":{"line":68,"column":2},"end":{"line":70,"column":3}},"6":{"start":{"line":69,"column":4},"end":{"line":69,"column":18}},"7":{"start":{"line":71,"column":15},"end":{"line":71,"column":38}},"8":{"start":{"line":72,"column":2},"end":{"line":72,"column":57}},"9":{"start":{"line":73,"column":2},"end":{"line":73,"column":9}},"10":{"start":{"line":76,"column":0},"end":{"line":78,"column":2}},"11":{"start":{"line":77,"column":2},"end":{"line":77,"column":62}},"12":{"start":{"line":80,"column":0},"end":{"line":80,"column":52}}},"fnMap":{"0":{"name":"(anonymous_0)","decl":{"start":{"line":67,"column":23},"end":{"line":67,"column":24}},"loc":{"start":{"line":67,"column":45},"end":{"line":74,"column":1}},"line":67},"1":{"name":"(anonymous_1)","decl":{"start":{"line":76,"column":35},"end":{"line":76,"column":36}},"loc":{"start":{"line":76,"column":68},"end":{"line":78,"column":1}},"line":76}},"branchMap":{"0":{"loc":{"start":{"line":68,"column":2},"end":{"line":70,"column":3}},"type":"if","locations":[{"start":{"line":68,"column":2},"end":{"line":70,"column":3}},{"start":{},"end":{}}],"line":68}},"s":{"0":1,"1":1,"2":1,"3":1,"4":1,"5":2,"6":0,"7":2,"8":2,"9":2,"10":1,"11":1,"12":1},"f":{"0":2,"1":1},"b":{"0":[0,2]},"_coverageSchema":"1a1c01bbd47fc00a2c39e90264f33305004495a9","hash":"93a2235cc8cea3d89aefb2f75c0d9752bb4dccbb"}
,"/home/hazalkoom/Documents/SmartCart/smartCart/backend/src/services/authService.js": {"path":"/home/hazalkoom/Documents/SmartCart/smartCart/backend/src/services/authService.js","statementMap":{"0":{"start":{"line":1,"column":13},"end":{"line":1,"column":43}},"1":{"start":{"line":2,"column":22},"end":{"line":2,"column":55}},"2":{"start":{"line":6,"column":60},"end":{"line":6,"column":68}},"3":{"start":{"line":8,"column":23},"end":{"line":8,"column":52}},"4":{"start":{"line":10,"column":4},"end":{"line":12,"column":5}},"5":{"start":{"line":11,"column":6},"end":{"line":11,"column":45}},"6":{"start":{"line":14,"column":17},"end":{"line":20,"column":6}},"7":{"start":{"line":22,"column":18},"end":{"line":22,"column":41}},"8":{"start":{"line":24,"column":4},"end":{"line":31,"column":6}},"9":{"start":{"line":35,"column":17},"end":{"line":35,"column":66}},"10":{"start":{"line":37,"column":4},"end":{"line":39,"column":5}},"11":{"start":{"line":38,"column":6},"end":{"line":38,"column":45}},"12":{"start":{"line":41,"column":20},"end":{"line":41,"column":54}},"13":{"start":{"line":43,"column":4},"end":{"line":45,"column":5}},"14":{"start":{"line":44,"column":6},"end":{"line":44,"column":45}},"15":{"start":{"line":47,"column":18},"end":{"line":47,"column":41}},"16":{"start":{"line":49,"column":4},"end":{"line":56,"column":6}},"17":{"start":{"line":60,"column":17},"end":{"line":60,"column":44}},"18":{"start":{"line":61,"column":4},"end":{"line":61,"column":16}},"19":{"start":{"line":65,"column":36},"end":{"line":65,"column":47}},"20":{"start":{"line":67,"column":17},"end":{"line":74,"column":5}},"21":{"start":{"line":76,"column":4},"end":{"line":78,"column":5}},"22":{"start":{"line":77,"column":6},"end":{"line":77,"column":40}},"23":{"start":{"line":80,"column":4},"end":{"line":80,"column":16}},"24":{"start":{"line":85,"column":0},"end":{"line":85,"column":35}}},"fnMap":{"0":{"name":"(anonymous_0)","decl":{"start":{"line":5,"column":2},"end":{"line":5,"column":3}},"loc":{"start":{"line":5,"column":31},"end":{"line":32,"column":3}},"line":5},"1":{"name":"(anonymous_1)","decl":{"start":{"line":34,"column":2},"end":{"line":34,"column":3}},"loc":{"start":{"line":34,"column":35},"end":{"line":57,"column":3}},"line":34},"2":{"name":"(anonymous_2)","decl":{"start":{"line":59,"column":2},"end":{"line":59,"column":3}},"loc":{"start":{"line":59,"column":28},"end":{"line":62,"column":3}},"line":59},"3":{"name":"(anonymous_3)","decl":{"start":{"line":64,"column":3},"end":{"line":64,"column":4}},"loc":{"start":{"line":64,"column":47},"end":{"line":81,"column":3}},"line":64}},"branchMap":{"0":{"loc":{"start":{"line":10,"column":4},"end":{"line":12,"column":5}},"type":"if","locations":[{"start":{"line":10,"column":4},"end":{"line":12,"column":5}},{"start":{},"end":{}}],"line":10},"1":{"loc":{"start":{"line":37,"column":4},"end":{"line":39,"column":5}},"type":"if","locations":[{"start":{"line":37,"column":4},"end":{"line":39,"column":5}},{"start":{},"end":{}}],"line":37},"2":{"loc":{"start":{"line":43,"column":4},"end":{"line":45,"column":5}},"type":"if","locations":[{"start":{"line":43,"column":4},"end":{"line":45,"column":5}},{"start":{},"end":{}}],"line":43},"3":{"loc":{"start":{"line":76,"column":4},"end":{"line":78,"column":5}},"type":"if","locations":[{"start":{"line":76,"column":4},"end":{"line":78,"column":5}},{"start":{},"end":{}}],"line":76}},"s":{"0":1,"1":1,"2":2,"3":2,"4":2,"5":1,"6":1,"7":1,"8":1,"9":3,"10":3,"11":1,"12":2,"13":2,"14":1,"15":1,"16":1,"17":0,"18":0,"19":0,"20":0,"21":0,"22":0,"23":0,"24":1},"f":{"0":2,"1":3,"2":0,"3":0},"b":{"0":[1,1],"1":[1,2],"2":[1,1],"3":[0,0]},"_coverageSchema":"1a1c01bbd47fc00a2c39e90264f33305004495a9","hash":"458d1fd6b05fd6f27ebf7b933c3dc28e4003bfb5"}
,"/home/hazalkoom/Documents/SmartCart/smartCart/backend/src/services/cartService.js": {"path":"/home/hazalkoom/Documents/SmartCart/smartCart/backend/src/services/cartService.js","statementMap":{"0":{"start":{"line":1,"column":13},"end":{"line":1,"column":43}},"1":{"start":{"line":2,"column":16},"end":{"line":2,"column":49}},"2":{"start":{"line":6,"column":15},"end":{"line":6,"column":45}},"3":{"start":{"line":8,"column":4},"end":{"line":10,"column":5}},"4":{"start":{"line":9,"column":6},"end":{"line":9,"column":67}},"5":{"start":{"line":12,"column":4},"end":{"line":12,"column":76}},"6":{"start":{"line":16,"column":19},"end":{"line":16,"column":20}},"7":{"start":{"line":17,"column":4},"end":{"line":19,"column":7}},"8":{"start":{"line":18,"column":6},"end":{"line":18,"column":45}},"9":{"start":{"line":20,"column":4},"end":{"line":20,"column":29}},"10":{"start":{"line":21,"column":4},"end":{"line":21,"column":20}},"11":{"start":{"line":25,"column":4},"end":{"line":25,"column":41}},"12":{"start":{"line":29,"column":4},"end":{"line":31,"column":5}},"13":{"start":{"line":30,"column":6},"end":{"line":30,"column":53}},"14":{"start":{"line":33,"column":20},"end":{"line":33,"column":53}},"15":{"start":{"line":34,"column":4},"end":{"line":36,"column":5}},"16":{"start":{"line":35,"column":6},"end":{"line":35,"column":43}},"17":{"start":{"line":37,"column":4},"end":{"line":39,"column":5}},"18":{"start":{"line":38,"column":6},"end":{"line":38,"column":44}},"19":{"start":{"line":42,"column":17},"end":{"line":42,"column":52}},"20":{"start":{"line":45,"column":25},"end":{"line":47,"column":5}},"21":{"start":{"line":46,"column":16},"end":{"line":46,"column":59}},"22":{"start":{"line":49,"column":4},"end":{"line":61,"column":5}},"23":{"start":{"line":50,"column":26},"end":{"line":50,"column":58}},"24":{"start":{"line":51,"column":6},"end":{"line":53,"column":7}},"25":{"start":{"line":52,"column":8},"end":{"line":52,"column":67}},"26":{"start":{"line":54,"column":6},"end":{"line":54,"column":42}},"27":{"start":{"line":56,"column":6},"end":{"line":60,"column":9}},"28":{"start":{"line":63,"column":4},"end":{"line":63,"column":32}},"29":{"start":{"line":64,"column":4},"end":{"line":64,"column":22}},"30":{"start":{"line":65,"column":4},"end":{"line":65,"column":76}},"31":{"start":{"line":69,"column":4},"end":{"line":71,"column":5}},"32":{"start":{"line":70,"column":6},"end":{"line":70,"column":53}},"33":{"start":{"line":73,"column":17},"end":{"line":73,"column":52}},"34":{"start":{"line":74,"column":17},"end":{"line":74,"column":38}},"35":{"start":{"line":76,"column":4},"end":{"line":78,"column":5}},"36":{"start":{"line":77,"column":6},"end":{"line":77,"column":48}},"37":{"start":{"line":80,"column":20},"end":{"line":80,"column":58}},"38":{"start":{"line":81,"column":4},"end":{"line":83,"column":5}},"39":{"start":{"line":82,"column":6},"end":{"line":82,"column":76}},"40":{"start":{"line":84,"column":4},"end":{"line":86,"column":5}},"41":{"start":{"line":85,"column":6},"end":{"line":85,"column":44}},"42":{"start":{"line":88,"column":4},"end":{"line":88,"column":29}},"43":{"start":{"line":89,"column":4},"end":{"line":89,"column":32}},"44":{"start":{"line":90,"column":4},"end":{"line":90,"column":22}},"45":{"start":{"line":91,"column":4},"end":{"line":91,"column":76}},"46":{"start":{"line":95,"column":17},"end":{"line":95,"column":52}},"47":{"start":{"line":96,"column":17},"end":{"line":96,"column":38}},"48":{"start":{"line":98,"column":4},"end":{"line":100,"column":5}},"49":{"start":{"line":99,"column":6},"end":{"line":99,"column":48}},"50":{"start":{"line":102,"column":4},"end":{"line":102,"column":21}},"51":{"start":{"line":104,"column":4},"end":{"line":104,"column":32}},"52":{"start":{"line":105,"column":4},"end":{"line":105,"column":22}},"53":{"start":{"line":106,"column":4},"end":{"line":106,"column":76}},"54":{"start":{"line":110,"column":17},"end":{"line":110,"column":52}},"55":{"start":{"line":112,"column":4},"end":{"line":112,"column":20}},"56":{"start":{"line":113,"column":4},"end":{"line":113,"column":22}},"57":{"start":{"line":115,"column":4},"end":{"line":115,"column":22}},"58":{"start":{"line":116,"column":4},"end":{"line":116,"column":16}},"59":{"start":{"line":120,"column":0},"end":{"line":120,"column":35}}},"fnMap":{"0":{"name":"(anonymous_0)","decl":{"start":{"line":5,"column":2},"end":{"line":5,"column":3}},"loc":{"start":{"line":5,"column":33},"end":{"line":13,"column":3}},"line":5},"1":{"name":"(anonymous_1)","decl":{"start":{"line":15,"column":2},"end":{"line":15,"column":3}},"loc":{"start":{"line":15,"column":25},"end":{"line":22,"column":3}},"line":15},"2":{"name":"(anonymous_2)","decl":{"start":{"line":17,"column":23},"end":{"line":17,"column":24}},"loc":{"start":{"line":17,"column":33},"end":{"line":19,"column":5}},"line":17},"3":{"name":"(anonymous_3)","decl":{"start":{"line":24,"column":2},"end":{"line":24,"column":3}},"loc":{"start":{"line":24,"column":24},"end":{"line":26,"column":3}},"line":24},"4":{"name":"(anonymous_4)","decl":{"start":{"line":28,"column":2},"end":{"line":28,"column":3}},"loc":{"start":{"line":28,"column":51},"end":{"line":66,"column":3}},"line":28},"5":{"name":"(anonymous_5)","decl":{"start":{"line":46,"column":6},"end":{"line":46,"column":7}},"loc":{"start":{"line":46,"column":16},"end":{"line":46,"column":59}},"line":46},"6":{"name":"(anonymous_6)","decl":{"start":{"line":68,"column":2},"end":{"line":68,"column":3}},"loc":{"start":{"line":68,"column":53},"end":{"line":92,"column":3}},"line":68},"7":{"name":"(anonymous_7)","decl":{"start":{"line":94,"column":2},"end":{"line":94,"column":3}},"loc":{"start":{"line":94,"column":43},"end":{"line":107,"column":3}},"line":94},"8":{"name":"(anonymous_8)","decl":{"start":{"line":109,"column":2},"end":{"line":109,"column":3}},"loc":{"start":{"line":109,"column":26},"end":{"line":117,"column":3}},"line":109}},"branchMap":{"0":{"loc":{"start":{"line":8,"column":4},"end":{"line":10,"column":5}},"type":"if","locations":[{"start":{"line":8,"column":4},"end":{"line":10,"column":5}},{"start":{},"end":{}}],"line":8},"1":{"loc":{"start":{"line":29,"column":4},"end":{"line":31,"column":5}},"type":"if","locations":[{"start":{"line":29,"column":4},"end":{"line":31,"column":5}},{"start":{},"end":{}}],"line":29},"2":{"loc":{"start":{"line":34,"column":4},"end":{"line":36,"column":5}},"type":"if","locations":[{"start":{"line":34,"column":4},"end":{"line":36,"column":5}},{"start":{},"end":{}}],"line":34},"3":{"loc":{"start":{"line":37,"column":4},"end":{"line":39,"column":5}},"type":"if","locations":[{"start":{"line":37,"column":4},"end":{"line":39,"column":5}},{"start":{},"end":{}}],"line":37},"4":{"loc":{"start":{"line":49,"column":4},"end":{"line":61,"column":5}},"type":"if","locations":[{"start":{"line":49,"column":4},"end":{"line":61,"column":5}},{"start":{"line":55,"column":11},"end":{"line":61,"column":5}}],"line":49},"5":{"loc":{"start":{"line":51,"column":6},"end":{"line":53,"column":7}},"type":"if","locations":[{"start":{"line":51,"column":6},"end":{"line":53,"column":7}},{"start":{},"end":{}}],"line":51},"6":{"loc":{"start":{"line":69,"column":4},"end":{"line":71,"column":5}},"type":"if","locations":[{"start":{"line":69,"column":4},"end":{"line":71,"column":5}},{"start":{},"end":{}}],"line":69},"7":{"loc":{"start":{"line":76,"column":4},"end":{"line":78,"column":5}},"type":"if","locations":[{"start":{"line":76,"column":4},"end":{"line":78,"column":5}},{"start":{},"end":{}}],"line":76},"8":{"loc":{"start":{"line":81,"column":4},"end":{"line":83,"column":5}},"type":"if","locations":[{"start":{"line":81,"column":4},"end":{"line":83,"column":5}},{"start":{},"end":{}}],"line":81},"9":{"loc":{"start":{"line":84,"column":4},"end":{"line":86,"column":5}},"type":"if","locations":[{"start":{"line":84,"column":4},"end":{"line":86,"column":5}},{"start":{},"end":{}}],"line":84},"10":{"loc":{"start":{"line":98,"column":4},"end":{"line":100,"column":5}},"type":"if","locations":[{"start":{"line":98,"column":4},"end":{"line":100,"column":5}},{"start":{},"end":{}}],"line":98}},"s":{"0":1,"1":1,"2":1,"3":1,"4":0,"5":1,"6":2,"7":2,"8":3,"9":2,"10":2,"11":0,"12":4,"13":2,"14":2,"15":2,"16":0,"17":2,"18":1,"19":1,"20":1,"21":1,"22":1,"23":1,"24":1,"25":0,"26":1,"27":0,"28":1,"29":1,"30":1,"31":0,"32":0,"33":0,"34":0,"35":0,"36":0,"37":0,"38":0,"39":0,"40":0,"41":0,"42":0,"43":0,"44":0,"45":0,"46":0,"47":0,"48":0,"49":0,"50":0,"51":0,"52":0,"53":0,"54":0,"55":0,"56":0,"57":0,"58":0,"59":1},"f":{"0":1,"1":2,"2":3,"3":0,"4":4,"5":1,"6":0,"7":0,"8":0},"b":{"0":[0,1],"1":[2,2],"2":[0,2],"3":[1,1],"4":[1,0],"5":[0,1],"6":[0,0],"7":[0,0],"8":[0,0],"9":[0,0],"10":[0,0]},"_coverageSchema":"1a1c01bbd47fc00a2c39e90264f33305004495a9","hash":"2a6e8cab9fabcd4fecfe29c78b832e0cf0af2fd5"}
,"/home/hazalkoom/Documents/SmartCart/smartCart/backend/src/services/categoryService.js": {"path":"/home/hazalkoom/Documents/SmartCart/smartCart/backend/src/services/categoryService.js","statementMap":{"0":{"start":{"line":1,"column":17},"end":{"line":1,"column":51}},"1":{"start":{"line":5,"column":34},"end":{"line":5,"column":46}},"2":{"start":{"line":7,"column":29},"end":{"line":7,"column":61}},"3":{"start":{"line":8,"column":4},"end":{"line":10,"column":5}},"4":{"start":{"line":9,"column":6},"end":{"line":9,"column":66}},"5":{"start":{"line":12,"column":21},"end":{"line":15,"column":6}},"6":{"start":{"line":17,"column":4},"end":{"line":17,"column":20}},"7":{"start":{"line":21,"column":4},"end":{"line":21,"column":51}},"8":{"start":{"line":25,"column":21},"end":{"line":25,"column":53}},"9":{"start":{"line":27,"column":4},"end":{"line":29,"column":5}},"10":{"start":{"line":28,"column":6},"end":{"line":28,"column":44}},"11":{"start":{"line":30,"column":4},"end":{"line":30,"column":20}},"12":{"start":{"line":34,"column":34},"end":{"line":34,"column":45}},"13":{"start":{"line":36,"column":21},"end":{"line":36,"column":56}},"14":{"start":{"line":38,"column":4},"end":{"line":40,"column":5}},"15":{"start":{"line":39,"column":6},"end":{"line":39,"column":44}},"16":{"start":{"line":42,"column":4},"end":{"line":47,"column":5}},"17":{"start":{"line":43,"column":23},"end":{"line":43,"column":55}},"18":{"start":{"line":44,"column":6},"end":{"line":46,"column":7}},"19":{"start":{"line":45,"column":8},"end":{"line":45,"column":68}},"20":{"start":{"line":50,"column":4},"end":{"line":50,"column":42}},"21":{"start":{"line":51,"column":4},"end":{"line":51,"column":39}},"22":{"start":{"line":53,"column":28},"end":{"line":53,"column":49}},"23":{"start":{"line":54,"column":4},"end":{"line":54,"column":27}},"24":{"start":{"line":58,"column":21},"end":{"line":58,"column":56}},"25":{"start":{"line":60,"column":4},"end":{"line":62,"column":5}},"26":{"start":{"line":61,"column":6},"end":{"line":61,"column":44}},"27":{"start":{"line":68,"column":4},"end":{"line":68,"column":31}},"28":{"start":{"line":72,"column":0},"end":{"line":72,"column":39}}},"fnMap":{"0":{"name":"(anonymous_0)","decl":{"start":{"line":4,"column":2},"end":{"line":4,"column":3}},"loc":{"start":{"line":4,"column":37},"end":{"line":18,"column":3}},"line":4},"1":{"name":"(anonymous_1)","decl":{"start":{"line":20,"column":2},"end":{"line":20,"column":3}},"loc":{"start":{"line":20,"column":27},"end":{"line":22,"column":3}},"line":20},"2":{"name":"(anonymous_2)","decl":{"start":{"line":24,"column":2},"end":{"line":24,"column":3}},"loc":{"start":{"line":24,"column":32},"end":{"line":31,"column":3}},"line":24},"3":{"name":"(anonymous_3)","decl":{"start":{"line":33,"column":2},"end":{"line":33,"column":3}},"loc":{"start":{"line":33,"column":48},"end":{"line":55,"column":3}},"line":33},"4":{"name":"(anonymous_4)","decl":{"start":{"line":57,"column":2},"end":{"line":57,"column":3}},"loc":{"start":{"line":57,"column":35},"end":{"line":69,"column":3}},"line":57}},"branchMap":{"0":{"loc":{"start":{"line":8,"column":4},"end":{"line":10,"column":5}},"type":"if","locations":[{"start":{"line":8,"column":4},"end":{"line":10,"column":5}},{"start":{},"end":{}}],"line":8},"1":{"loc":{"start":{"line":27,"column":4},"end":{"line":29,"column":5}},"type":"if","locations":[{"start":{"line":27,"column":4},"end":{"line":29,"column":5}},{"start":{},"end":{}}],"line":27},"2":{"loc":{"start":{"line":38,"column":4},"end":{"line":40,"column":5}},"type":"if","locations":[{"start":{"line":38,"column":4},"end":{"line":40,"column":5}},{"start":{},"end":{}}],"line":38},"3":{"loc":{"start":{"line":42,"column":4},"end":{"line":47,"column":5}},"type":"if","locations":[{"start":{"line":42,"column":4},"end":{"line":47,"column":5}},{"start":{},"end":{}}],"line":42},"4":{"loc":{"start":{"line":42,"column":8},"end":{"line":42,"column":38}},"type":"binary-expr","locations":[{"start":{"line":42,"column":8},"end":{"line":42,"column":12}},{"start":{"line":42,"column":16},"end":{"line":42,"column":38}}],"line":42},"5":{"loc":{"start":{"line":44,"column":6},"end":{"line":46,"column":7}},"type":"if","locations":[{"start":{"line":44,"column":6},"end":{"line":46,"column":7}},{"start":{},"end":{}}],"line":44},"6":{"loc":{"start":{"line":50,"column":20},"end":{"line":50,"column":41}},"type":"binary-expr","locations":[{"start":{"line":50,"column":20},"end":{"line":50,"column":24}},{"start":{"line":50,"column":28},"end":{"line":50,"column":41}}],"line":50},"7":{"loc":{"start":{"line":60,"column":4},"end":{"line":62,"column":5}},"type":"if","locations":[{"start":{"line":60,"column":4},"end":{"line":62,"column":5}},{"start":{},"end":{}}],"line":60}},"s":{"0":1,"1":1,"2":1,"3":1,"4":1,"5":0,"6":0,"7":0,"8":0,"9":0,"10":0,"11":0,"12":2,"13":2,"14":2,"15":0,"16":2,"17":2,"18":2,"19":1,"20":1,"21":1,"22":1,"23":1,"24":1,"25":1,"26":0,"27":1,"28":1},"f":{"0":1,"1":0,"2":0,"3":2,"4":1},"b":{"0":[1,0],"1":[0,0],"2":[0,2],"3":[2,0],"4":[2,2],"5":[1,1],"6":[1,0],"7":[0,1]},"_coverageSchema":"1a1c01bbd47fc00a2c39e90264f33305004495a9","hash":"c046bec75866464213ff5e12f6a1e1ae6bb9835c"}
,"/home/hazalkoom/Documents/SmartCart/smartCart/backend/src/services/orderService.js": {"path":"/home/hazalkoom/Documents/SmartCart/smartCart/backend/src/services/orderService.js","statementMap":{"0":{"start":{"line":1,"column":14},"end":{"line":1,"column":45}},"1":{"start":{"line":2,"column":13},"end":{"line":2,"column":43}},"2":{"start":{"line":3,"column":16},"end":{"line":3,"column":49}},"3":{"start":{"line":4,"column":17},"end":{"line":4,"column":36}},"4":{"start":{"line":7,"column":14},"end":{"line":7,"column":71}},"5":{"start":{"line":7,"column":22},"end":{"line":7,"column":71}},"6":{"start":{"line":7,"column":47},"end":{"line":7,"column":70}},"7":{"start":{"line":8,"column":18},"end":{"line":8,"column":81}},"8":{"start":{"line":8,"column":32},"end":{"line":8,"column":81}},"9":{"start":{"line":10,"column":28},"end":{"line":12,"column":1}},"10":{"start":{"line":11,"column":2},"end":{"line":11,"column":70}},"11":{"start":{"line":17,"column":24},"end":{"line":17,"column":26}},"12":{"start":{"line":18,"column":18},"end":{"line":18,"column":19}},"13":{"start":{"line":20,"column":4},"end":{"line":120,"column":5}},"14":{"start":{"line":21,"column":22},"end":{"line":21,"column":51}},"15":{"start":{"line":23,"column":6},"end":{"line":119,"column":7}},"16":{"start":{"line":24,"column":8},"end":{"line":24,"column":35}},"17":{"start":{"line":27,"column":21},"end":{"line":27,"column":61}},"18":{"start":{"line":28,"column":8},"end":{"line":30,"column":9}},"19":{"start":{"line":29,"column":10},"end":{"line":29,"column":62}},"20":{"start":{"line":33,"column":27},"end":{"line":33,"column":65}},"21":{"start":{"line":33,"column":50},"end":{"line":33,"column":64}},"22":{"start":{"line":35,"column":25},"end":{"line":35,"column":94}},"23":{"start":{"line":37,"column":27},"end":{"line":37,"column":36}},"24":{"start":{"line":38,"column":8},"end":{"line":38,"column":67}},"25":{"start":{"line":38,"column":30},"end":{"line":38,"column":65}},"26":{"start":{"line":40,"column":27},"end":{"line":40,"column":29}},"27":{"start":{"line":41,"column":23},"end":{"line":41,"column":24}},"28":{"start":{"line":42,"column":24},"end":{"line":42,"column":26}},"29":{"start":{"line":44,"column":8},"end":{"line":73,"column":9}},"30":{"start":{"line":45,"column":26},"end":{"line":45,"column":67}},"31":{"start":{"line":47,"column":10},"end":{"line":47,"column":99}},"32":{"start":{"line":47,"column":24},"end":{"line":47,"column":99}},"33":{"start":{"line":49,"column":10},"end":{"line":51,"column":11}},"34":{"start":{"line":50,"column":12},"end":{"line":50,"column":89}},"35":{"start":{"line":55,"column":10},"end":{"line":62,"column":13}},"36":{"start":{"line":64,"column":10},"end":{"line":64,"column":52}},"37":{"start":{"line":67,"column":10},"end":{"line":72,"column":13}},"38":{"start":{"line":76,"column":8},"end":{"line":76,"column":54}},"39":{"start":{"line":79,"column":20},"end":{"line":79,"column":21}},"40":{"start":{"line":80,"column":25},"end":{"line":80,"column":27}},"41":{"start":{"line":81,"column":22},"end":{"line":81,"column":47}},"42":{"start":{"line":82,"column":28},"end":{"line":82,"column":49}},"43":{"start":{"line":84,"column":22},"end":{"line":95,"column":24}},"44":{"start":{"line":98,"column":8},"end":{"line":98,"column":64}},"45":{"start":{"line":100,"column":8},"end":{"line":100,"column":42}},"46":{"start":{"line":101,"column":8},"end":{"line":101,"column":24}},"47":{"start":{"line":104,"column":8},"end":{"line":104,"column":41}},"48":{"start":{"line":107,"column":28},"end":{"line":107,"column":104}},"49":{"start":{"line":108,"column":32},"end":{"line":108,"column":89}},"50":{"start":{"line":110,"column":8},"end":{"line":115,"column":9}},"51":{"start":{"line":111,"column":10},"end":{"line":111,"column":20}},"52":{"start":{"line":112,"column":24},"end":{"line":112,"column":44}},"53":{"start":{"line":113,"column":10},"end":{"line":113,"column":29}},"54":{"start":{"line":114,"column":10},"end":{"line":114,"column":19}},"55":{"start":{"line":116,"column":8},"end":{"line":116,"column":20}},"56":{"start":{"line":118,"column":8},"end":{"line":118,"column":29}},"57":{"start":{"line":125,"column":18},"end":{"line":125,"column":47}},"58":{"start":{"line":126,"column":4},"end":{"line":126,"column":51}},"59":{"start":{"line":126,"column":16},"end":{"line":126,"column":51}},"60":{"start":{"line":128,"column":26},"end":{"line":128,"column":38}},"61":{"start":{"line":132,"column":4},"end":{"line":134,"column":5}},"62":{"start":{"line":133,"column":6},"end":{"line":133,"column":80}},"63":{"start":{"line":136,"column":4},"end":{"line":138,"column":5}},"64":{"start":{"line":137,"column":6},"end":{"line":137,"column":83}},"65":{"start":{"line":142,"column":4},"end":{"line":150,"column":5}},"66":{"start":{"line":143,"column":22},"end":{"line":148,"column":9}},"67":{"start":{"line":143,"column":47},"end":{"line":148,"column":7}},"68":{"start":{"line":149,"column":6},"end":{"line":149,"column":39}},"69":{"start":{"line":153,"column":4},"end":{"line":153,"column":29}},"70":{"start":{"line":154,"column":4},"end":{"line":154,"column":56}},"71":{"start":{"line":154,"column":30},"end":{"line":154,"column":56}},"72":{"start":{"line":155,"column":4},"end":{"line":155,"column":62}},"73":{"start":{"line":155,"column":33},"end":{"line":155,"column":62}},"74":{"start":{"line":156,"column":4},"end":{"line":156,"column":66}},"75":{"start":{"line":156,"column":35},"end":{"line":156,"column":66}},"76":{"start":{"line":158,"column":4},"end":{"line":158,"column":23}},"77":{"start":{"line":159,"column":4},"end":{"line":159,"column":17}},"78":{"start":{"line":163,"column":4},"end":{"line":163,"column":64}},"79":{"start":{"line":167,"column":18},"end":{"line":167,"column":83}},"80":{"start":{"line":170,"column":4},"end":{"line":170,"column":70}},"81":{"start":{"line":170,"column":16},"end":{"line":170,"column":70}},"82":{"start":{"line":172,"column":25},"end":{"line":172,"column":107}},"83":{"start":{"line":173,"column":4},"end":{"line":175,"column":5}},"84":{"start":{"line":174,"column":6},"end":{"line":174,"column":78}},"85":{"start":{"line":177,"column":4},"end":{"line":177,"column":17}},"86":{"start":{"line":181,"column":4},"end":{"line":183,"column":31}},"87":{"start":{"line":187,"column":0},"end":{"line":187,"column":36}}},"fnMap":{"0":{"name":"(anonymous_0)","decl":{"start":{"line":7,"column":14},"end":{"line":7,"column":15}},"loc":{"start":{"line":7,"column":22},"end":{"line":7,"column":71}},"line":7},"1":{"name":"(anonymous_1)","decl":{"start":{"line":7,"column":34},"end":{"line":7,"column":35}},"loc":{"start":{"line":7,"column":47},"end":{"line":7,"column":70}},"line":7},"2":{"name":"(anonymous_2)","decl":{"start":{"line":8,"column":18},"end":{"line":8,"column":19}},"loc":{"start":{"line":8,"column":32},"end":{"line":8,"column":81}},"line":8},"3":{"name":"(anonymous_3)","decl":{"start":{"line":10,"column":28},"end":{"line":10,"column":29}},"loc":{"start":{"line":10,"column":34},"end":{"line":12,"column":1}},"line":10},"4":{"name":"(anonymous_4)","decl":{"start":{"line":16,"column":2},"end":{"line":16,"column":3}},"loc":{"start":{"line":16,"column":43},"end":{"line":121,"column":3}},"line":16},"5":{"name":"(anonymous_5)","decl":{"start":{"line":33,"column":42},"end":{"line":33,"column":43}},"loc":{"start":{"line":33,"column":50},"end":{"line":33,"column":64}},"line":33},"6":{"name":"(anonymous_6)","decl":{"start":{"line":38,"column":25},"end":{"line":38,"column":26}},"loc":{"start":{"line":38,"column":30},"end":{"line":38,"column":65}},"line":38},"7":{"name":"(anonymous_7)","decl":{"start":{"line":124,"column":2},"end":{"line":124,"column":3}},"loc":{"start":{"line":124,"column":46},"end":{"line":160,"column":3}},"line":124},"8":{"name":"(anonymous_8)","decl":{"start":{"line":143,"column":38},"end":{"line":143,"column":39}},"loc":{"start":{"line":143,"column":47},"end":{"line":148,"column":7}},"line":143},"9":{"name":"(anonymous_9)","decl":{"start":{"line":162,"column":2},"end":{"line":162,"column":3}},"loc":{"start":{"line":162,"column":28},"end":{"line":164,"column":3}},"line":162},"10":{"name":"(anonymous_10)","decl":{"start":{"line":166,"column":2},"end":{"line":166,"column":3}},"loc":{"start":{"line":166,"column":48},"end":{"line":178,"column":3}},"line":166},"11":{"name":"(anonymous_11)","decl":{"start":{"line":180,"column":2},"end":{"line":180,"column":3}},"loc":{"start":{"line":180,"column":23},"end":{"line":184,"column":3}},"line":180}},"branchMap":{"0":{"loc":{"start":{"line":28,"column":8},"end":{"line":30,"column":9}},"type":"if","locations":[{"start":{"line":28,"column":8},"end":{"line":30,"column":9}},{"start":{},"end":{}}],"line":28},"1":{"loc":{"start":{"line":28,"column":12},"end":{"line":28,"column":44}},"type":"binary-expr","locations":[{"start":{"line":28,"column":12},"end":{"line":28,"column":17}},{"start":{"line":28,"column":21},"end":{"line":28,"column":44}}],"line":28},"2":{"loc":{"start":{"line":47,"column":10},"end":{"line":47,"column":99}},"type":"if","locations":[{"start":{"line":47,"column":10},"end":{"line":47,"column":99}},{"start":{},"end":{}}],"line":47},"3":{"loc":{"start":{"line":49,"column":10},"end":{"line":51,"column":11}},"type":"if","locations":[{"start":{"line":49,"column":10},"end":{"line":51,"column":11}},{"start":{},"end":{}}],"line":49},"4":{"loc":{"start":{"line":60,"column":18},"end":{"line":60,"column":40}},"type":"binary-expr","locations":[{"start":{"line":60,"column":18},"end":{"line":60,"column":35}},{"start":{"line":60,"column":39},"end":{"line":60,"column":40}}],"line":60},"5":{"loc":{"start":{"line":107,"column":28},"end":{"line":107,"column":104}},"type":"binary-expr","locations":[{"start":{"line":107,"column":28},"end":{"line":107,"column":45}},{"start":{"line":107,"column":49},"end":{"line":107,"column":104}}],"line":107},"6":{"loc":{"start":{"line":108,"column":32},"end":{"line":108,"column":89}},"type":"binary-expr","locations":[{"start":{"line":108,"column":32},"end":{"line":108,"column":45}},{"start":{"line":108,"column":49},"end":{"line":108,"column":89}}],"line":108},"7":{"loc":{"start":{"line":110,"column":8},"end":{"line":115,"column":9}},"type":"if","locations":[{"start":{"line":110,"column":8},"end":{"line":115,"column":9}},{"start":{},"end":{}}],"line":110},"8":{"loc":{"start":{"line":110,"column":12},"end":{"line":110,"column":69}},"type":"binary-expr","locations":[{"start":{"line":110,"column":13},"end":{"line":110,"column":24}},{"start":{"line":110,"column":28},"end":{"line":110,"column":43}},{"start":{"line":110,"column":48},"end":{"line":110,"column":69}}],"line":110},"9":{"loc":{"start":{"line":126,"column":4},"end":{"line":126,"column":51}},"type":"if","locations":[{"start":{"line":126,"column":4},"end":{"line":126,"column":51}},{"start":{},"end":{}}],"line":126},"10":{"loc":{"start":{"line":132,"column":4},"end":{"line":134,"column":5}},"type":"if","locations":[{"start":{"line":132,"column":4},"end":{"line":134,"column":5}},{"start":{},"end":{}}],"line":132},"11":{"loc":{"start":{"line":132,"column":8},"end":{"line":132,"column":59}},"type":"binary-expr","locations":[{"start":{"line":132,"column":8},"end":{"line":132,"column":31}},{"start":{"line":132,"column":35},"end":{"line":132,"column":59}}],"line":132},"12":{"loc":{"start":{"line":136,"column":4},"end":{"line":138,"column":5}},"type":"if","locations":[{"start":{"line":136,"column":4},"end":{"line":138,"column":5}},{"start":{},"end":{}}],"line":136},"13":{"loc":{"start":{"line":136,"column":8},"end":{"line":136,"column":64}},"type":"binary-expr","locations":[{"start":{"line":136,"column":8},"end":{"line":136,"column":33}},{"start":{"line":136,"column":37},"end":{"line":136,"column":64}}],"line":136},"14":{"loc":{"start":{"line":142,"column":4},"end":{"line":150,"column":5}},"type":"if","locations":[{"start":{"line":142,"column":4},"end":{"line":150,"column":5}},{"start":{},"end":{}}],"line":142},"15":{"loc":{"start":{"line":142,"column":8},"end":{"line":142,"column":66}},"type":"binary-expr","locations":[{"start":{"line":142,"column":8},"end":{"line":142,"column":33}},{"start":{"line":142,"column":37},"end":{"line":142,"column":66}}],"line":142},"16":{"loc":{"start":{"line":154,"column":4},"end":{"line":154,"column":56}},"type":"if","locations":[{"start":{"line":154,"column":4},"end":{"line":154,"column":56}},{"start":{},"end":{}}],"line":154},"17":{"loc":{"start":{"line":155,"column":4},"end":{"line":155,"column":62}},"type":"if","locations":[{"start":{"line":155,"column":4},"end":{"line":155,"column":62}},{"start":{},"end":{}}],"line":155},"18":{"loc":{"start":{"line":156,"column":4},"end":{"line":156,"column":66}},"type":"if","locations":[{"start":{"line":156,"column":4},"end":{"line":156,"column":66}},{"start":{},"end":{}}],"line":156},"19":{"loc":{"start":{"line":170,"column":4},"end":{"line":170,"column":70}},"type":"if","locations":[{"start":{"line":170,"column":4},"end":{"line":170,"column":70}},{"start":{},"end":{}}],"line":170},"20":{"loc":{"start":{"line":172,"column":25},"end":{"line":172,"column":107}},"type":"binary-expr","locations":[{"start":{"line":172,"column":25},"end":{"line":172,"column":45}},{"start":{"line":172,"column":49},"end":{"line":172,"column":69}},{"start":{"line":172,"column":73},"end":{"line":172,"column":107}}],"line":172},"21":{"loc":{"start":{"line":173,"column":4},"end":{"line":175,"column":5}},"type":"if","locations":[{"start":{"line":173,"column":4},"end":{"line":175,"column":5}},{"start":{},"end":{}}],"line":173}},"s":{"0":1,"1":1,"2":1,"3":1,"4":1,"5":1,"6":1,"7":1,"8":1,"9":1,"10":4,"11":3,"12":3,"13":3,"14":4,"15":4,"16":4,"17":4,"18":4,"19":0,"20":4,"21":5,"22":4,"23":4,"24":4,"25":5,"26":4,"27":4,"28":4,"29":4,"30":5,"31":5,"32":0,"33":5,"34":0,"35":5,"36":5,"37":5,"38":4,"39":4,"40":4,"41":4,"42":4,"43":4,"44":4,"45":4,"46":3,"47":1,"48":1,"49":1,"50":1,"51":1,"52":1,"53":1,"54":1,"55":0,"56":4,"57":1,"58":1,"59":0,"60":1,"61":1,"62":1,"63":0,"64":0,"65":0,"66":0,"67":0,"68":0,"69":0,"70":0,"71":0,"72":0,"73":0,"74":0,"75":0,"76":0,"77":0,"78":0,"79":0,"80":0,"81":0,"82":0,"83":0,"84":0,"85":0,"86":0,"87":1},"f":{"0":1,"1":1,"2":1,"3":4,"4":3,"5":5,"6":5,"7":1,"8":0,"9":0,"10":0,"11":0},"b":{"0":[0,4],"1":[4,4],"2":[0,5],"3":[0,5],"4":[5,0],"5":[1,0],"6":[1,1],"7":[1,0],"8":[1,1,1],"9":[0,1],"10":[1,0],"11":[1,1],"12":[0,0],"13":[0,0],"14":[0,0],"15":[0,0],"16":[0,0],"17":[0,0],"18":[0,0],"19":[0,0],"20":[0,0,0],"21":[0,0]},"_coverageSchema":"1a1c01bbd47fc00a2c39e90264f33305004495a9","hash":"245acd1c66102a494ec1ca7c5a829dbb55019801"}
,"/home/hazalkoom/Documents/SmartCart/smartCart/backend/src/services/paymobService.js": {"path":"/home/hazalkoom/Documents/SmartCart/smartCart/backend/src/services/paymobService.js","statementMap":{"0":{"start":{"line":1,"column":21},"end":{"line":1,"column":53}},"1":{"start":{"line":2,"column":14},"end":{"line":2,"column":45}},"2":{"start":{"line":6,"column":4},"end":{"line":6,"column":29}},"3":{"start":{"line":7,"column":4},"end":{"line":7,"column":33}},"4":{"start":{"line":11,"column":4},"end":{"line":29,"column":5}},"5":{"start":{"line":12,"column":18},"end":{"line":12,"column":28}},"6":{"start":{"line":14,"column":6},"end":{"line":16,"column":7}},"7":{"start":{"line":15,"column":8},"end":{"line":15,"column":33}},"8":{"start":{"line":18,"column":23},"end":{"line":20,"column":8}},"9":{"start":{"line":22,"column":6},"end":{"line":22,"column":46}},"10":{"start":{"line":23,"column":6},"end":{"line":23,"column":48}},"11":{"start":{"line":25,"column":6},"end":{"line":25,"column":31}},"12":{"start":{"line":27,"column":6},"end":{"line":27,"column":81}},"13":{"start":{"line":28,"column":6},"end":{"line":28,"column":76}},"14":{"start":{"line":33,"column":4},"end":{"line":55,"column":5}},"15":{"start":{"line":34,"column":26},"end":{"line":34,"column":66}},"16":{"start":{"line":35,"column":30},"end":{"line":35,"column":50}},"17":{"start":{"line":37,"column":23},"end":{"line":49,"column":8}},"18":{"start":{"line":43,"column":40},"end":{"line":48,"column":9}},"19":{"start":{"line":51,"column":6},"end":{"line":51,"column":30}},"20":{"start":{"line":53,"column":6},"end":{"line":53,"column":95}},"21":{"start":{"line":54,"column":6},"end":{"line":54,"column":80}},"22":{"start":{"line":59,"column":4},"end":{"line":90,"column":5}},"23":{"start":{"line":60,"column":31},"end":{"line":73,"column":7}},"24":{"start":{"line":75,"column":23},"end":{"line":84,"column":8}},"25":{"start":{"line":86,"column":6},"end":{"line":86,"column":33}},"26":{"start":{"line":88,"column":6},"end":{"line":88,"column":88}},"27":{"start":{"line":89,"column":6},"end":{"line":89,"column":73}},"28":{"start":{"line":94,"column":4},"end":{"line":184,"column":5}},"29":{"start":{"line":96,"column":24},"end":{"line":96,"column":50}},"30":{"start":{"line":99,"column":28},"end":{"line":99,"column":71}},"31":{"start":{"line":101,"column":26},"end":{"line":101,"column":55}},"32":{"start":{"line":103,"column":6},"end":{"line":105,"column":9}},"33":{"start":{"line":104,"column":12},"end":{"line":104,"column":101}},"34":{"start":{"line":109,"column":6},"end":{"line":121,"column":7}},"35":{"start":{"line":111,"column":10},"end":{"line":111,"column":65}},"36":{"start":{"line":112,"column":10},"end":{"line":112,"column":16}},"37":{"start":{"line":114,"column":10},"end":{"line":114,"column":67}},"38":{"start":{"line":115,"column":10},"end":{"line":115,"column":16}},"39":{"start":{"line":117,"column":10},"end":{"line":117,"column":66}},"40":{"start":{"line":118,"column":10},"end":{"line":118,"column":16}},"41":{"start":{"line":120,"column":10},"end":{"line":120,"column":70}},"42":{"start":{"line":123,"column":6},"end":{"line":125,"column":7}},"43":{"start":{"line":124,"column":8},"end":{"line":124,"column":79}},"44":{"start":{"line":128,"column":26},"end":{"line":138,"column":7}},"45":{"start":{"line":141,"column":25},"end":{"line":141,"column":117}},"46":{"start":{"line":144,"column":6},"end":{"line":180,"column":7}},"47":{"start":{"line":145,"column":8},"end":{"line":148,"column":10}},"48":{"start":{"line":151,"column":11},"end":{"line":180,"column":7}},"49":{"start":{"line":152,"column":26},"end":{"line":158,"column":10}},"50":{"start":{"line":160,"column":8},"end":{"line":163,"column":10}},"51":{"start":{"line":166,"column":11},"end":{"line":180,"column":7}},"52":{"start":{"line":167,"column":25},"end":{"line":173,"column":10}},"53":{"start":{"line":175,"column":8},"end":{"line":179,"column":10}},"54":{"start":{"line":183,"column":6},"end":{"line":183,"column":18}},"55":{"start":{"line":188,"column":0},"end":{"line":188,"column":37}}},"fnMap":{"0":{"name":"(anonymous_0)","decl":{"start":{"line":5,"column":2},"end":{"line":5,"column":3}},"loc":{"start":{"line":5,"column":16},"end":{"line":8,"column":3}},"line":5},"1":{"name":"(anonymous_1)","decl":{"start":{"line":10,"column":2},"end":{"line":10,"column":3}},"loc":{"start":{"line":10,"column":24},"end":{"line":30,"column":3}},"line":10},"2":{"name":"(anonymous_2)","decl":{"start":{"line":32,"column":2},"end":{"line":32,"column":3}},"loc":{"start":{"line":32,"column":41},"end":{"line":56,"column":3}},"line":32},"3":{"name":"(anonymous_3)","decl":{"start":{"line":43,"column":31},"end":{"line":43,"column":32}},"loc":{"start":{"line":43,"column":40},"end":{"line":48,"column":9}},"line":43},"4":{"name":"(anonymous_4)","decl":{"start":{"line":58,"column":2},"end":{"line":58,"column":3}},"loc":{"start":{"line":58,"column":90},"end":{"line":91,"column":3}},"line":58},"5":{"name":"(anonymous_5)","decl":{"start":{"line":93,"column":2},"end":{"line":93,"column":3}},"loc":{"start":{"line":93,"column":52},"end":{"line":185,"column":3}},"line":93}},"branchMap":{"0":{"loc":{"start":{"line":14,"column":6},"end":{"line":16,"column":7}},"type":"if","locations":[{"start":{"line":14,"column":6},"end":{"line":16,"column":7}},{"start":{},"end":{}}],"line":14},"1":{"loc":{"start":{"line":14,"column":10},"end":{"line":14,"column":99}},"type":"binary-expr","locations":[{"start":{"line":14,"column":10},"end":{"line":14,"column":27}},{"start":{"line":14,"column":31},"end":{"line":14,"column":52}},{"start":{"line":14,"column":56},"end":{"line":14,"column":99}}],"line":14},"2":{"loc":{"start":{"line":27,"column":42},"end":{"line":27,"column":79}},"type":"binary-expr","locations":[{"start":{"line":27,"column":42},"end":{"line":27,"column":62}},{"start":{"line":27,"column":66},"end":{"line":27,"column":79}}],"line":27},"3":{"loc":{"start":{"line":53,"column":56},"end":{"line":53,"column":93}},"type":"binary-expr","locations":[{"start":{"line":53,"column":56},"end":{"line":53,"column":76}},{"start":{"line":53,"column":80},"end":{"line":53,"column":93}}],"line":53},"4":{"loc":{"start":{"line":62,"column":20},"end":{"line":62,"column":50}},"type":"binary-expr","locations":[{"start":{"line":62,"column":20},"end":{"line":62,"column":42}},{"start":{"line":62,"column":46},"end":{"line":62,"column":50}}],"line":62},"5":{"loc":{"start":{"line":63,"column":19},"end":{"line":63,"column":48}},"type":"binary-expr","locations":[{"start":{"line":63,"column":19},"end":{"line":63,"column":40}},{"start":{"line":63,"column":44},"end":{"line":63,"column":48}}],"line":63},"6":{"loc":{"start":{"line":65,"column":16},"end":{"line":65,"column":42}},"type":"binary-expr","locations":[{"start":{"line":65,"column":16},"end":{"line":65,"column":34}},{"start":{"line":65,"column":38},"end":{"line":65,"column":42}}],"line":65},"7":{"loc":{"start":{"line":66,"column":18},"end":{"line":66,"column":46}},"type":"binary-expr","locations":[{"start":{"line":66,"column":18},"end":{"line":66,"column":38}},{"start":{"line":66,"column":42},"end":{"line":66,"column":46}}],"line":66},"8":{"loc":{"start":{"line":67,"column":15},"end":{"line":67,"column":40}},"type":"binary-expr","locations":[{"start":{"line":67,"column":15},"end":{"line":67,"column":32}},{"start":{"line":67,"column":36},"end":{"line":67,"column":40}}],"line":67},"9":{"loc":{"start":{"line":68,"column":19},"end":{"line":68,"column":48}},"type":"binary-expr","locations":[{"start":{"line":68,"column":19},"end":{"line":68,"column":40}},{"start":{"line":68,"column":44},"end":{"line":68,"column":48}}],"line":68},"10":{"loc":{"start":{"line":69,"column":14},"end":{"line":69,"column":38}},"type":"binary-expr","locations":[{"start":{"line":69,"column":14},"end":{"line":69,"column":30}},{"start":{"line":69,"column":34},"end":{"line":69,"column":38}}],"line":69},"11":{"loc":{"start":{"line":70,"column":15},"end":{"line":70,"column":40}},"type":"binary-expr","locations":[{"start":{"line":70,"column":15},"end":{"line":70,"column":32}},{"start":{"line":70,"column":36},"end":{"line":70,"column":40}}],"line":70},"12":{"loc":{"start":{"line":71,"column":17},"end":{"line":71,"column":44}},"type":"binary-expr","locations":[{"start":{"line":71,"column":17},"end":{"line":71,"column":36}},{"start":{"line":71,"column":40},"end":{"line":71,"column":44}}],"line":71},"13":{"loc":{"start":{"line":72,"column":21},"end":{"line":72,"column":52}},"type":"binary-expr","locations":[{"start":{"line":72,"column":21},"end":{"line":72,"column":44}},{"start":{"line":72,"column":48},"end":{"line":72,"column":52}}],"line":72},"14":{"loc":{"start":{"line":88,"column":49},"end":{"line":88,"column":86}},"type":"binary-expr","locations":[{"start":{"line":88,"column":49},"end":{"line":88,"column":69}},{"start":{"line":88,"column":73},"end":{"line":88,"column":86}}],"line":88},"15":{"loc":{"start":{"line":103,"column":6},"end":{"line":105,"column":9}},"type":"if","locations":[{"start":{"line":103,"column":6},"end":{"line":105,"column":9}},{"start":{},"end":{}}],"line":103},"16":{"loc":{"start":{"line":103,"column":10},"end":{"line":103,"column":58}},"type":"binary-expr","locations":[{"start":{"line":103,"column":10},"end":{"line":103,"column":36}},{"start":{"line":103,"column":40},"end":{"line":103,"column":58}}],"line":103},"17":{"loc":{"start":{"line":109,"column":6},"end":{"line":121,"column":7}},"type":"switch","locations":[{"start":{"line":110,"column":8},"end":{"line":112,"column":16}},{"start":{"line":113,"column":8},"end":{"line":115,"column":16}},{"start":{"line":116,"column":8},"end":{"line":118,"column":16}},{"start":{"line":119,"column":8},"end":{"line":120,"column":70}}],"line":109},"18":{"loc":{"start":{"line":123,"column":6},"end":{"line":125,"column":7}},"type":"if","locations":[{"start":{"line":123,"column":6},"end":{"line":125,"column":7}},{"start":{},"end":{}}],"line":123},"19":{"loc":{"start":{"line":132,"column":22},"end":{"line":132,"column":56}},"type":"binary-expr","locations":[{"start":{"line":132,"column":22},"end":{"line":132,"column":39}},{"start":{"line":132,"column":43},"end":{"line":132,"column":56}}],"line":132},"20":{"loc":{"start":{"line":144,"column":6},"end":{"line":180,"column":7}},"type":"if","locations":[{"start":{"line":144,"column":6},"end":{"line":180,"column":7}},{"start":{"line":151,"column":11},"end":{"line":180,"column":7}}],"line":144},"21":{"loc":{"start":{"line":151,"column":11},"end":{"line":180,"column":7}},"type":"if","locations":[{"start":{"line":151,"column":11},"end":{"line":180,"column":7}},{"start":{"line":166,"column":11},"end":{"line":180,"column":7}}],"line":151},"22":{"loc":{"start":{"line":166,"column":11},"end":{"line":180,"column":7}},"type":"if","locations":[{"start":{"line":166,"column":11},"end":{"line":180,"column":7}},{"start":{},"end":{}}],"line":166}},"s":{"0":1,"1":1,"2":1,"3":1,"4":3,"5":3,"6":3,"7":0,"8":3,"9":3,"10":3,"11":3,"12":0,"13":0,"14":3,"15":3,"16":3,"17":3,"18":3,"19":3,"20":0,"21":0,"22":2,"23":2,"24":2,"25":2,"26":0,"27":0,"28":3,"29":3,"30":3,"31":3,"32":3,"33":0,"34":3,"35":3,"36":3,"37":0,"38":0,"39":0,"40":0,"41":0,"42":3,"43":1,"44":2,"45":2,"46":2,"47":2,"48":0,"49":0,"50":0,"51":0,"52":0,"53":0,"54":1,"55":1},"f":{"0":1,"1":3,"2":3,"3":3,"4":2,"5":3},"b":{"0":[0,3],"1":[3,0,0],"2":[0,0],"3":[0,0],"4":[2,1],"5":[2,1],"6":[2,1],"7":[2,2],"8":[2,2],"9":[2,2],"10":[2,1],"11":[2,2],"12":[2,1],"13":[2,2],"14":[0,0],"15":[0,3],"16":[3,0],"17":[3,0,0,0],"18":[1,2],"19":[2,0],"20":[2,0],"21":[0,0],"22":[0,0]},"_coverageSchema":"1a1c01bbd47fc00a2c39e90264f33305004495a9","hash":"80e17b26abec96c44564ded88b4a9a48838d402f"}
,"/home/hazalkoom/Documents/SmartCart/smartCart/backend/src/services/productService.js": {"path":"/home/hazalkoom/Documents/SmartCart/smartCart/backend/src/services/productService.js","statementMap":{"0":{"start":{"line":1,"column":16},"end":{"line":1,"column":49}},"1":{"start":{"line":2,"column":17},"end":{"line":2,"column":51}},"2":{"start":{"line":6,"column":76},"end":{"line":6,"column":87}},"3":{"start":{"line":8,"column":24},"end":{"line":8,"column":73}},"4":{"start":{"line":9,"column":4},"end":{"line":11,"column":5}},"5":{"start":{"line":10,"column":6},"end":{"line":10,"column":64}},"6":{"start":{"line":13,"column":21},"end":{"line":13,"column":56}},"7":{"start":{"line":14,"column":4},"end":{"line":16,"column":5}},"8":{"start":{"line":15,"column":6},"end":{"line":15,"column":44}},"9":{"start":{"line":18,"column":20},"end":{"line":26,"column":6}},"10":{"start":{"line":28,"column":4},"end":{"line":28,"column":19}},"11":{"start":{"line":32,"column":69},"end":{"line":32,"column":74}},"12":{"start":{"line":34,"column":18},"end":{"line":34,"column":46}},"13":{"start":{"line":36,"column":4},"end":{"line":41,"column":5}},"14":{"start":{"line":37,"column":6},"end":{"line":40,"column":8}},"15":{"start":{"line":43,"column":4},"end":{"line":45,"column":5}},"16":{"start":{"line":44,"column":6},"end":{"line":44,"column":36}},"17":{"start":{"line":47,"column":4},"end":{"line":51,"column":5}},"18":{"start":{"line":48,"column":6},"end":{"line":48,"column":42}},"19":{"start":{"line":49,"column":11},"end":{"line":51,"column":5}},"20":{"start":{"line":50,"column":6},"end":{"line":50,"column":24}},"21":{"start":{"line":53,"column":20},"end":{"line":53,"column":32}},"22":{"start":{"line":54,"column":21},"end":{"line":54,"column":34}},"23":{"start":{"line":55,"column":17},"end":{"line":55,"column":41}},"24":{"start":{"line":57,"column":18},"end":{"line":57,"column":55}},"25":{"start":{"line":58,"column":21},"end":{"line":62,"column":30}},"26":{"start":{"line":64,"column":4},"end":{"line":69,"column":6}},"27":{"start":{"line":73,"column":4},"end":{"line":73,"column":81}},"28":{"start":{"line":77,"column":4},"end":{"line":77,"column":79}},"29":{"start":{"line":81,"column":76},"end":{"line":81,"column":86}},"30":{"start":{"line":84,"column":20},"end":{"line":84,"column":74}},"31":{"start":{"line":86,"column":4},"end":{"line":88,"column":5}},"32":{"start":{"line":87,"column":6},"end":{"line":87,"column":43}},"33":{"start":{"line":90,"column":4},"end":{"line":96,"column":5}},"34":{"start":{"line":91,"column":26},"end":{"line":91,"column":75}},"35":{"start":{"line":92,"column":6},"end":{"line":94,"column":7}},"36":{"start":{"line":93,"column":8},"end":{"line":93,"column":66}},"37":{"start":{"line":95,"column":6},"end":{"line":95,"column":24}},"38":{"start":{"line":98,"column":4},"end":{"line":104,"column":5}},"39":{"start":{"line":99,"column":23},"end":{"line":99,"column":58}},"40":{"start":{"line":100,"column":6},"end":{"line":102,"column":7}},"41":{"start":{"line":101,"column":8},"end":{"line":101,"column":46}},"42":{"start":{"line":103,"column":6},"end":{"line":103,"column":38}},"43":{"start":{"line":106,"column":4},"end":{"line":106,"column":40}},"44":{"start":{"line":107,"column":4},"end":{"line":107,"column":61}},"45":{"start":{"line":108,"column":4},"end":{"line":108,"column":64}},"46":{"start":{"line":109,"column":4},"end":{"line":109,"column":80}},"47":{"start":{"line":110,"column":4},"end":{"line":110,"column":64}},"48":{"start":{"line":112,"column":27},"end":{"line":112,"column":47}},"49":{"start":{"line":113,"column":4},"end":{"line":113,"column":26}},"50":{"start":{"line":117,"column":20},"end":{"line":117,"column":53}},"51":{"start":{"line":119,"column":4},"end":{"line":121,"column":5}},"52":{"start":{"line":120,"column":6},"end":{"line":120,"column":43}},"53":{"start":{"line":123,"column":4},"end":{"line":123,"column":29}},"54":{"start":{"line":126,"column":4},"end":{"line":126,"column":57}},"55":{"start":{"line":127,"column":4},"end":{"line":127,"column":59}},"56":{"start":{"line":129,"column":4},"end":{"line":129,"column":25}},"57":{"start":{"line":131,"column":4},"end":{"line":131,"column":64}},"58":{"start":{"line":135,"column":0},"end":{"line":135,"column":38}}},"fnMap":{"0":{"name":"(anonymous_0)","decl":{"start":{"line":5,"column":2},"end":{"line":5,"column":3}},"loc":{"start":{"line":5,"column":35},"end":{"line":29,"column":3}},"line":5},"1":{"name":"(anonymous_1)","decl":{"start":{"line":31,"column":2},"end":{"line":31,"column":3}},"loc":{"start":{"line":31,"column":30},"end":{"line":70,"column":3}},"line":31},"2":{"name":"(anonymous_2)","decl":{"start":{"line":72,"column":2},"end":{"line":72,"column":3}},"loc":{"start":{"line":72,"column":34},"end":{"line":74,"column":3}},"line":72},"3":{"name":"(anonymous_3)","decl":{"start":{"line":76,"column":2},"end":{"line":76,"column":3}},"loc":{"start":{"line":76,"column":31},"end":{"line":78,"column":3}},"line":76},"4":{"name":"(anonymous_4)","decl":{"start":{"line":80,"column":2},"end":{"line":80,"column":3}},"loc":{"start":{"line":80,"column":45},"end":{"line":114,"column":3}},"line":80},"5":{"name":"(anonymous_5)","decl":{"start":{"line":116,"column":2},"end":{"line":116,"column":3}},"loc":{"start":{"line":116,"column":33},"end":{"line":132,"column":3}},"line":116}},"branchMap":{"0":{"loc":{"start":{"line":9,"column":4},"end":{"line":11,"column":5}},"type":"if","locations":[{"start":{"line":9,"column":4},"end":{"line":11,"column":5}},{"start":{},"end":{}}],"line":9},"1":{"loc":{"start":{"line":14,"column":4},"end":{"line":16,"column":5}},"type":"if","locations":[{"start":{"line":14,"column":4},"end":{"line":16,"column":5}},{"start":{},"end":{}}],"line":14},"2":{"loc":{"start":{"line":22,"column":17},"end":{"line":22,"column":31}},"type":"binary-expr","locations":[{"start":{"line":22,"column":17},"end":{"line":22,"column":26}},{"start":{"line":22,"column":30},"end":{"line":22,"column":31}}],"line":22},"3":{"loc":{"start":{"line":32,"column":44},"end":{"line":32,"column":52}},"type":"default-arg","locations":[{"start":{"line":32,"column":51},"end":{"line":32,"column":52}}],"line":32},"4":{"loc":{"start":{"line":32,"column":54},"end":{"line":32,"column":64}},"type":"default-arg","locations":[{"start":{"line":32,"column":62},"end":{"line":32,"column":64}}],"line":32},"5":{"loc":{"start":{"line":36,"column":4},"end":{"line":41,"column":5}},"type":"if","locations":[{"start":{"line":36,"column":4},"end":{"line":41,"column":5}},{"start":{},"end":{}}],"line":36},"6":{"loc":{"start":{"line":43,"column":4},"end":{"line":45,"column":5}},"type":"if","locations":[{"start":{"line":43,"column":4},"end":{"line":45,"column":5}},{"start":{},"end":{}}],"line":43},"7":{"loc":{"start":{"line":47,"column":4},"end":{"line":51,"column":5}},"type":"if","locations":[{"start":{"line":47,"column":4},"end":{"line":51,"column":5}},{"start":{"line":49,"column":11},"end":{"line":51,"column":5}}],"line":47},"8":{"loc":{"start":{"line":49,"column":11},"end":{"line":51,"column":5}},"type":"if","locations":[{"start":{"line":49,"column":11},"end":{"line":51,"column":5}},{"start":{},"end":{}}],"line":49},"9":{"loc":{"start":{"line":86,"column":4},"end":{"line":88,"column":5}},"type":"if","locations":[{"start":{"line":86,"column":4},"end":{"line":88,"column":5}},{"start":{},"end":{}}],"line":86},"10":{"loc":{"start":{"line":90,"column":4},"end":{"line":96,"column":5}},"type":"if","locations":[{"start":{"line":90,"column":4},"end":{"line":96,"column":5}},{"start":{},"end":{}}],"line":90},"11":{"loc":{"start":{"line":90,"column":8},"end":{"line":90,"column":48}},"type":"binary-expr","locations":[{"start":{"line":90,"column":8},"end":{"line":90,"column":11}},{"start":{"line":90,"column":15},"end":{"line":90,"column":48}}],"line":90},"12":{"loc":{"start":{"line":92,"column":6},"end":{"line":94,"column":7}},"type":"if","locations":[{"start":{"line":92,"column":6},"end":{"line":94,"column":7}},{"start":{},"end":{}}],"line":92},"13":{"loc":{"start":{"line":98,"column":4},"end":{"line":104,"column":5}},"type":"if","locations":[{"start":{"line":98,"column":4},"end":{"line":104,"column":5}},{"start":{},"end":{}}],"line":98},"14":{"loc":{"start":{"line":98,"column":8},"end":{"line":98,"column":77}},"type":"binary-expr","locations":[{"start":{"line":98,"column":8},"end":{"line":98,"column":18}},{"start":{"line":98,"column":22},"end":{"line":98,"column":77}}],"line":98},"15":{"loc":{"start":{"line":100,"column":6},"end":{"line":102,"column":7}},"type":"if","locations":[{"start":{"line":100,"column":6},"end":{"line":102,"column":7}},{"start":{},"end":{}}],"line":100},"16":{"loc":{"start":{"line":106,"column":19},"end":{"line":106,"column":39}},"type":"binary-expr","locations":[{"start":{"line":106,"column":19},"end":{"line":106,"column":23}},{"start":{"line":106,"column":27},"end":{"line":106,"column":39}}],"line":106},"17":{"loc":{"start":{"line":107,"column":26},"end":{"line":107,"column":60}},"type":"binary-expr","locations":[{"start":{"line":107,"column":26},"end":{"line":107,"column":37}},{"start":{"line":107,"column":41},"end":{"line":107,"column":60}}],"line":107},"18":{"loc":{"start":{"line":108,"column":20},"end":{"line":108,"column":63}},"type":"cond-expr","locations":[{"start":{"line":108,"column":42},"end":{"line":108,"column":47}},{"start":{"line":108,"column":50},"end":{"line":108,"column":63}}],"line":108},"19":{"loc":{"start":{"line":109,"column":24},"end":{"line":109,"column":79}},"type":"cond-expr","locations":[{"start":{"line":109,"column":50},"end":{"line":109,"column":59}},{"start":{"line":109,"column":62},"end":{"line":109,"column":79}}],"line":109},"20":{"loc":{"start":{"line":110,"column":20},"end":{"line":110,"column":63}},"type":"cond-expr","locations":[{"start":{"line":110,"column":42},"end":{"line":110,"column":47}},{"start":{"line":110,"column":50},"end":{"line":110,"column":63}}],"line":110},"21":{"loc":{"start":{"line":119,"column":4},"end":{"line":121,"column":5}},"type":"if","locations":[{"start":{"line":119,"column":4},"end":{"line":121,"column":5}},{"start":{},"end":{}}],"line":119}},"s":{"0":1,"1":1,"2":0,"3":0,"4":0,"5":0,"6":0,"7":0,"8":0,"9":0,"10":0,"11":1,"12":1,"13":1,"14":0,"15":1,"16":0,"17":1,"18":1,"19":0,"20":0,"21":1,"22":1,"23":1,"24":1,"25":1,"26":1,"27":0,"28":0,"29":1,"30":1,"31":1,"32":0,"33":1,"34":0,"35":0,"36":0,"37":0,"38":1,"39":0,"40":0,"41":0,"42":0,"43":1,"44":1,"45":1,"46":1,"47":1,"48":1,"49":1,"50":1,"51":1,"52":0,"53":1,"54":1,"55":1,"56":1,"57":1,"58":1},"f":{"0":0,"1":1,"2":0,"3":0,"4":1,"5":1},"b":{"0":[0,0],"1":[0,0],"2":[0,0],"3":[0],"4":[0],"5":[0,1],"6":[0,1],"7":[1,0],"8":[0,0],"9":[0,1],"10":[0,1],"11":[1,0],"12":[0,0],"13":[0,1],"14":[1,0],"15":[0,0],"16":[1,0],"17":[1,1],"18":[0,1],"19":[0,1],"20":[0,1],"21":[0,1]},"_coverageSchema":"1a1c01bbd47fc00a2c39e90264f33305004495a9","hash":"c7ed88b40d479cb4d7d644cc98e9d0c696bf8067"}
,"/home/hazalkoom/Documents/SmartCart/smartCart/backend/src/services/reviewService.js": {"path":"/home/hazalkoom/Documents/SmartCart/smartCart/backend/src/services/reviewService.js","statementMap":{"0":{"start":{"line":1,"column":15},"end":{"line":1,"column":47}},"1":{"start":{"line":2,"column":16},"end":{"line":2,"column":49}},"2":{"start":{"line":3,"column":14},"end":{"line":3,"column":45}},"3":{"start":{"line":7,"column":50},"end":{"line":7,"column":60}},"4":{"start":{"line":9,"column":20},"end":{"line":9,"column":53}},"5":{"start":{"line":10,"column":4},"end":{"line":14,"column":5}},"6":{"start":{"line":11,"column":20},"end":{"line":11,"column":50}},"7":{"start":{"line":12,"column":6},"end":{"line":12,"column":29}},"8":{"start":{"line":13,"column":6},"end":{"line":13,"column":18}},"9":{"start":{"line":17,"column":27},"end":{"line":20,"column":6}},"10":{"start":{"line":22,"column":4},"end":{"line":26,"column":5}},"11":{"start":{"line":23,"column":20},"end":{"line":23,"column":71}},"12":{"start":{"line":24,"column":6},"end":{"line":24,"column":29}},"13":{"start":{"line":25,"column":6},"end":{"line":25,"column":18}},"14":{"start":{"line":28,"column":4},"end":{"line":45,"column":5}},"15":{"start":{"line":29,"column":21},"end":{"line":35,"column":8}},"16":{"start":{"line":36,"column":6},"end":{"line":36,"column":20}},"17":{"start":{"line":39,"column":6},"end":{"line":43,"column":7}},"18":{"start":{"line":40,"column":22},"end":{"line":40,"column":73}},"19":{"start":{"line":41,"column":8},"end":{"line":41,"column":31}},"20":{"start":{"line":42,"column":8},"end":{"line":42,"column":20}},"21":{"start":{"line":44,"column":6},"end":{"line":44,"column":16}},"22":{"start":{"line":49,"column":20},"end":{"line":51,"column":30}},"23":{"start":{"line":53,"column":4},"end":{"line":53,"column":19}},"24":{"start":{"line":57,"column":19},"end":{"line":57,"column":50}},"25":{"start":{"line":59,"column":4},"end":{"line":63,"column":5}},"26":{"start":{"line":60,"column":20},"end":{"line":60,"column":49}},"27":{"start":{"line":61,"column":6},"end":{"line":61,"column":29}},"28":{"start":{"line":62,"column":6},"end":{"line":62,"column":18}},"29":{"start":{"line":65,"column":4},"end":{"line":69,"column":5}},"30":{"start":{"line":66,"column":20},"end":{"line":66,"column":69}},"31":{"start":{"line":67,"column":6},"end":{"line":67,"column":29}},"32":{"start":{"line":68,"column":6},"end":{"line":68,"column":18}},"33":{"start":{"line":72,"column":4},"end":{"line":72,"column":61}},"34":{"start":{"line":72,"column":27},"end":{"line":72,"column":61}},"35":{"start":{"line":73,"column":4},"end":{"line":73,"column":58}},"36":{"start":{"line":73,"column":26},"end":{"line":73,"column":58}},"37":{"start":{"line":74,"column":4},"end":{"line":74,"column":64}},"38":{"start":{"line":74,"column":28},"end":{"line":74,"column":64}},"39":{"start":{"line":76,"column":4},"end":{"line":76,"column":24}},"40":{"start":{"line":78,"column":4},"end":{"line":80,"column":5}},"41":{"start":{"line":79,"column":8},"end":{"line":79,"column":58}},"42":{"start":{"line":83,"column":4},"end":{"line":83,"column":18}},"43":{"start":{"line":88,"column":19},"end":{"line":88,"column":50}},"44":{"start":{"line":90,"column":4},"end":{"line":94,"column":5}},"45":{"start":{"line":91,"column":20},"end":{"line":91,"column":49}},"46":{"start":{"line":92,"column":6},"end":{"line":92,"column":29}},"47":{"start":{"line":93,"column":6},"end":{"line":93,"column":18}},"48":{"start":{"line":97,"column":20},"end":{"line":97,"column":66}},"49":{"start":{"line":98,"column":20},"end":{"line":98,"column":64}},"50":{"start":{"line":100,"column":4},"end":{"line":104,"column":5}},"51":{"start":{"line":101,"column":20},"end":{"line":101,"column":69}},"52":{"start":{"line":102,"column":6},"end":{"line":102,"column":29}},"53":{"start":{"line":103,"column":6},"end":{"line":103,"column":18}},"54":{"start":{"line":106,"column":4},"end":{"line":106,"column":45}},"55":{"start":{"line":107,"column":4},"end":{"line":107,"column":54}},"56":{"start":{"line":112,"column":0},"end":{"line":112,"column":37}}},"fnMap":{"0":{"name":"(anonymous_0)","decl":{"start":{"line":6,"column":4},"end":{"line":6,"column":5}},"loc":{"start":{"line":6,"column":43},"end":{"line":46,"column":3}},"line":6},"1":{"name":"(anonymous_1)","decl":{"start":{"line":48,"column":2},"end":{"line":48,"column":3}},"loc":{"start":{"line":48,"column":39},"end":{"line":54,"column":3}},"line":48},"2":{"name":"(anonymous_2)","decl":{"start":{"line":56,"column":2},"end":{"line":56,"column":3}},"loc":{"start":{"line":56,"column":51},"end":{"line":84,"column":3}},"line":56},"3":{"name":"(anonymous_3)","decl":{"start":{"line":87,"column":2},"end":{"line":87,"column":3}},"loc":{"start":{"line":87,"column":49},"end":{"line":108,"column":3}},"line":87}},"branchMap":{"0":{"loc":{"start":{"line":10,"column":4},"end":{"line":14,"column":5}},"type":"if","locations":[{"start":{"line":10,"column":4},"end":{"line":14,"column":5}},{"start":{},"end":{}}],"line":10},"1":{"loc":{"start":{"line":22,"column":4},"end":{"line":26,"column":5}},"type":"if","locations":[{"start":{"line":22,"column":4},"end":{"line":26,"column":5}},{"start":{},"end":{}}],"line":22},"2":{"loc":{"start":{"line":39,"column":6},"end":{"line":43,"column":7}},"type":"if","locations":[{"start":{"line":39,"column":6},"end":{"line":43,"column":7}},{"start":{},"end":{}}],"line":39},"3":{"loc":{"start":{"line":59,"column":4},"end":{"line":63,"column":5}},"type":"if","locations":[{"start":{"line":59,"column":4},"end":{"line":63,"column":5}},{"start":{},"end":{}}],"line":59},"4":{"loc":{"start":{"line":65,"column":4},"end":{"line":69,"column":5}},"type":"if","locations":[{"start":{"line":65,"column":4},"end":{"line":69,"column":5}},{"start":{},"end":{}}],"line":65},"5":{"loc":{"start":{"line":72,"column":4},"end":{"line":72,"column":61}},"type":"if","locations":[{"start":{"line":72,"column":4},"end":{"line":72,"column":61}},{"start":{},"end":{}}],"line":72},"6":{"loc":{"start":{"line":73,"column":4},"end":{"line":73,"column":58}},"type":"if","locations":[{"start":{"line":73,"column":4},"end":{"line":73,"column":58}},{"start":{},"end":{}}],"line":73},"7":{"loc":{"start":{"line":74,"column":4},"end":{"line":74,"column":64}},"type":"if","locations":[{"start":{"line":74,"column":4},"end":{"line":74,"column":64}},{"start":{},"end":{}}],"line":74},"8":{"loc":{"start":{"line":78,"column":4},"end":{"line":80,"column":5}},"type":"if","locations":[{"start":{"line":78,"column":4},"end":{"line":80,"column":5}},{"start":{},"end":{}}],"line":78},"9":{"loc":{"start":{"line":90,"column":4},"end":{"line":94,"column":5}},"type":"if","locations":[{"start":{"line":90,"column":4},"end":{"line":94,"column":5}},{"start":{},"end":{}}],"line":90},"10":{"loc":{"start":{"line":98,"column":20},"end":{"line":98,"column":64}},"type":"binary-expr","locations":[{"start":{"line":98,"column":20},"end":{"line":98,"column":40}},{"start":{"line":98,"column":44},"end":{"line":98,"column":64}}],"line":98},"11":{"loc":{"start":{"line":100,"column":4},"end":{"line":104,"column":5}},"type":"if","locations":[{"start":{"line":100,"column":4},"end":{"line":104,"column":5}},{"start":{},"end":{}}],"line":100},"12":{"loc":{"start":{"line":100,"column":8},"end":{"line":100,"column":28}},"type":"binary-expr","locations":[{"start":{"line":100,"column":8},"end":{"line":100,"column":16}},{"start":{"line":100,"column":20},"end":{"line":100,"column":28}}],"line":100}},"s":{"0":1,"1":1,"2":1,"3":1,"4":1,"5":1,"6":0,"7":0,"8":0,"9":1,"10":1,"11":0,"12":0,"13":0,"14":1,"15":1,"16":1,"17":0,"18":0,"19":0,"20":0,"21":0,"22":0,"23":0,"24":3,"25":3,"26":0,"27":0,"28":0,"29":3,"30":2,"31":2,"32":2,"33":1,"34":1,"35":1,"36":1,"37":1,"38":0,"39":1,"40":1,"41":1,"42":1,"43":2,"44":2,"45":0,"46":0,"47":0,"48":2,"49":2,"50":2,"51":2,"52":2,"53":2,"54":0,"55":0,"56":1},"f":{"0":1,"1":0,"2":3,"3":2},"b":{"0":[0,1],"1":[0,1],"2":[0,0],"3":[0,3],"4":[2,1],"5":[1,0],"6":[1,0],"7":[0,1],"8":[1,0],"9":[0,2],"10":[2,2],"11":[2,0],"12":[2,2]},"_coverageSchema":"1a1c01bbd47fc00a2c39e90264f33305004495a9","hash":"711588581ee818f1f1c073ccda22c1dc0a751038"}
,"/home/hazalkoom/Documents/SmartCart/smartCart/backend/src/services/userService.js": {"path":"/home/hazalkoom/Documents/SmartCart/smartCart/backend/src/services/userService.js","statementMap":{"0":{"start":{"line":1,"column":13},"end":{"line":1,"column":43}},"1":{"start":{"line":6,"column":17},"end":{"line":6,"column":40}},"2":{"start":{"line":7,"column":18},"end":{"line":7,"column":43}},"3":{"start":{"line":8,"column":17},"end":{"line":8,"column":35}},"4":{"start":{"line":10,"column":18},"end":{"line":10,"column":45}},"5":{"start":{"line":11,"column":18},"end":{"line":15,"column":19}},"6":{"start":{"line":17,"column":4},"end":{"line":22,"column":6}},"7":{"start":{"line":26,"column":17},"end":{"line":26,"column":60}},"8":{"start":{"line":27,"column":4},"end":{"line":29,"column":5}},"9":{"start":{"line":28,"column":6},"end":{"line":28,"column":59}},"10":{"start":{"line":30,"column":4},"end":{"line":30,"column":16}},"11":{"start":{"line":34,"column":17},"end":{"line":34,"column":40}},"12":{"start":{"line":36,"column":4},"end":{"line":38,"column":5}},"13":{"start":{"line":37,"column":6},"end":{"line":37,"column":59}},"14":{"start":{"line":41,"column":4},"end":{"line":43,"column":5}},"15":{"start":{"line":42,"column":6},"end":{"line":42,"column":80}},"16":{"start":{"line":45,"column":4},"end":{"line":47,"column":5}},"17":{"start":{"line":46,"column":6},"end":{"line":46,"column":81}},"18":{"start":{"line":49,"column":4},"end":{"line":49,"column":21}},"19":{"start":{"line":50,"column":4},"end":{"line":50,"column":29}},"20":{"start":{"line":54,"column":17},"end":{"line":54,"column":40}},"21":{"start":{"line":56,"column":4},"end":{"line":58,"column":5}},"22":{"start":{"line":57,"column":6},"end":{"line":57,"column":59}},"23":{"start":{"line":61,"column":4},"end":{"line":63,"column":5}},"24":{"start":{"line":62,"column":6},"end":{"line":62,"column":71}},"25":{"start":{"line":65,"column":4},"end":{"line":67,"column":5}},"26":{"start":{"line":66,"column":6},"end":{"line":66,"column":76}},"27":{"start":{"line":69,"column":4},"end":{"line":69,"column":27}},"28":{"start":{"line":70,"column":4},"end":{"line":70,"column":52}},"29":{"start":{"line":74,"column":0},"end":{"line":74,"column":35}}},"fnMap":{"0":{"name":"(anonymous_0)","decl":{"start":{"line":5,"column":2},"end":{"line":5,"column":3}},"loc":{"start":{"line":5,"column":27},"end":{"line":23,"column":3}},"line":5},"1":{"name":"(anonymous_1)","decl":{"start":{"line":25,"column":2},"end":{"line":25,"column":3}},"loc":{"start":{"line":25,"column":24},"end":{"line":31,"column":3}},"line":25},"2":{"name":"(anonymous_2)","decl":{"start":{"line":33,"column":2},"end":{"line":33,"column":3}},"loc":{"start":{"line":33,"column":49},"end":{"line":51,"column":3}},"line":33},"3":{"name":"(anonymous_3)","decl":{"start":{"line":53,"column":2},"end":{"line":53,"column":3}},"loc":{"start":{"line":53,"column":39},"end":{"line":71,"column":3}},"line":53}},"branchMap":{"0":{"loc":{"start":{"line":6,"column":17},"end":{"line":6,"column":40}},"type":"binary-expr","locations":[{"start":{"line":6,"column":17},"end":{"line":6,"column":35}},{"start":{"line":6,"column":39},"end":{"line":6,"column":40}}],"line":6},"1":{"loc":{"start":{"line":7,"column":18},"end":{"line":7,"column":43}},"type":"binary-expr","locations":[{"start":{"line":7,"column":18},"end":{"line":7,"column":37}},{"start":{"line":7,"column":41},"end":{"line":7,"column":43}}],"line":7},"2":{"loc":{"start":{"line":27,"column":4},"end":{"line":29,"column":5}},"type":"if","locations":[{"start":{"line":27,"column":4},"end":{"line":29,"column":5}},{"start":{},"end":{}}],"line":27},"3":{"loc":{"start":{"line":36,"column":4},"end":{"line":38,"column":5}},"type":"if","locations":[{"start":{"line":36,"column":4},"end":{"line":38,"column":5}},{"start":{},"end":{}}],"line":36},"4":{"loc":{"start":{"line":41,"column":4},"end":{"line":43,"column":5}},"type":"if","locations":[{"start":{"line":41,"column":4},"end":{"line":43,"column":5}},{"start":{},"end":{}}],"line":41},"5":{"loc":{"start":{"line":45,"column":4},"end":{"line":47,"column":5}},"type":"if","locations":[{"start":{"line":45,"column":4},"end":{"line":47,"column":5}},{"start":{},"end":{}}],"line":45},"6":{"loc":{"start":{"line":56,"column":4},"end":{"line":58,"column":5}},"type":"if","locations":[{"start":{"line":56,"column":4},"end":{"line":58,"column":5}},{"start":{},"end":{}}],"line":56},"7":{"loc":{"start":{"line":61,"column":4},"end":{"line":63,"column":5}},"type":"if","locations":[{"start":{"line":61,"column":4},"end":{"line":63,"column":5}},{"start":{},"end":{}}],"line":61},"8":{"loc":{"start":{"line":65,"column":4},"end":{"line":67,"column":5}},"type":"if","locations":[{"start":{"line":65,"column":4},"end":{"line":67,"column":5}},{"start":{},"end":{}}],"line":65}},"s":{"0":1,"1":0,"2":0,"3":0,"4":0,"5":0,"6":0,"7":2,"8":2,"9":1,"10":1,"11":2,"12":2,"13":0,"14":2,"15":1,"16":1,"17":1,"18":0,"19":0,"20":0,"21":0,"22":0,"23":0,"24":0,"25":0,"26":0,"27":0,"28":0,"29":1},"f":{"0":0,"1":2,"2":2,"3":0},"b":{"0":[0,0],"1":[0,0],"2":[1,1],"3":[0,2],"4":[1,1],"5":[1,0],"6":[0,0],"7":[0,0],"8":[0,0]},"_coverageSchema":"1a1c01bbd47fc00a2c39e90264f33305004495a9","hash":"29a6b70d01395663eacc270ae2833d1229c76021"}
}
